#
# There is insufficient memory for the Java Runtime Environment to continue.
# Native memory allocation (mmap) failed to map 23592960 bytes for committing reserved memory.
# Possible reasons:
#   The system is out of physical RAM or swap space
#   In 32 bit mode, the process size limit was hit
# Possible solutions:
#   Reduce memory load on the system
#   Increase physical memory or swap space
#   Check if swap backing store is full
#   Use 64 bit Java on a 64 bit OS
#   Decrease Java heap size (-Xmx/-Xms)
#   Decrease number of Java threads
#   Decrease Java thread stack sizes (-Xss)
#   Set larger code cache with -XX:ReservedCodeCacheSize=
# This output file may be truncated or incomplete.
#
#  Out of Memory Error (os_linux.cpp:2643), pid=11203, tid=0x00007f261b8f8700
#
# JRE version: OpenJDK Runtime Environment (8.0_162-b12) (build 1.8.0_162-8u162-b12-0ubuntu0.17.10.2-b12)
# Java VM: OpenJDK 64-Bit Server VM (25.162-b12 mixed mode linux-amd64 compressed oops)
# Failed to write core dump. Core dumps have been disabled. To enable core dumping, try "ulimit -c unlimited" before starting Java again
#

---------------  T H R E A D  ---------------

Current thread (0x00007f263007b000):  VMThread [stack: 0x00007f261b7f8000,0x00007f261b8f9000] [id=11220]

Stack: [0x00007f261b7f8000,0x00007f261b8f9000],  sp=0x00007f261b8f7450,  free space=1021k
Native frames: (J=compiled Java code, j=interpreted, Vv=VM code, C=native code)
V  [libjvm.so+0xaaa652]
V  [libjvm.so+0x4d7b27]
V  [libjvm.so+0x8e5c30]
V  [libjvm.so+0x8e018e]
V  [libjvm.so+0x9609a6]
V  [libjvm.so+0x94f61a]
V  [libjvm.so+0x94f7e8]
V  [libjvm.so+0x9503f0]
V  [libjvm.so+0x95678c]
V  [libjvm.so+0x95e875]
V  [libjvm.so+0x90cee8]
V  [libjvm.so+0xaac312]
V  [libjvm.so+0xab0ef6]
V  [libjvm.so+0xaaf195]
V  [libjvm.so+0xaafb0d]
V  [libjvm.so+0xaafee7]
V  [libjvm.so+0x8e3082]

VM_Operation (0x00007f25d2539cc0): ParallelGCFailedAllocation, mode: safepoint, requested by thread 0x00007f25dc022000


---------------  P R O C E S S  ---------------

Java Threads: ( => current thread )
  0x00007f260c100800 JavaThread "block-manager-slave-async-thread-pool-5" daemon [_thread_blocked, id=13794, stack(0x00007f25d1c37000,0x00007f25d1d38000)]
  0x00007f260c0ff800 JavaThread "block-manager-slave-async-thread-pool-4" daemon [_thread_blocked, id=13793, stack(0x00007f25d8dea000,0x00007f25d8eeb000)]
  0x00007f25e8024000 JavaThread "block-manager-slave-async-thread-pool-3" daemon [_thread_blocked, id=13792, stack(0x00007f25d5dd3000,0x00007f25d5ed4000)]
  0x00007f25dc023000 JavaThread "block-manager-ask-thread-pool-1" daemon [_thread_blocked, id=13791, stack(0x00007f25d233a000,0x00007f25d243b000)]
  0x00007f26080c4000 JavaThread "batch scanner 12- 1 looking up 1 ranges at localhost:9997" daemon [_thread_blocked, id=13790, stack(0x00007f25d263d000,0x00007f25d273e000)]
  0x00007f25dc022000 JavaThread "Executor task launch worker for task 11" daemon [_thread_blocked, id=13789, stack(0x00007f25d243b000,0x00007f25d253c000)]
  0x00007f25dc03b000 JavaThread "batch scanner 11- 1 looking up 1 ranges at localhost:9997" daemon [_thread_blocked, id=13787, stack(0x00007f25d58d2000,0x00007f25d59d3000)]
  0x00007f25dc03d000 JavaThread "Executor task launch worker for task 9" daemon [_thread_blocked, id=12776, stack(0x00007f25d57d1000,0x00007f25d58d2000)]
  0x00007f25e805b800 JavaThread "Executor task launch worker for task 10" daemon [_thread_blocked, id=12627, stack(0x00007f25d253c000,0x00007f25d263d000)]
  0x00007f25f431a000 JavaThread "SparkUI-JettyScheduler" daemon [_thread_blocked, id=12076, stack(0x00007f25d2239000,0x00007f25d233a000)]
  0x00007f25dc06c000 JavaThread "task-result-getter-3" daemon [_thread_blocked, id=11347, stack(0x00007f25d273e000,0x00007f25d283f000)]
  0x00007f25e807f800 JavaThread "task-result-getter-2" daemon [_thread_blocked, id=11344, stack(0x00007f25d283f000,0x00007f25d2940000)]
  0x00007f25e8054800 JavaThread "task-result-getter-1" daemon [_thread_blocked, id=11339, stack(0x00007f25d2b40000,0x00007f25d2c41000)]
  0x00007f25e807d800 JavaThread "task-result-getter-0" daemon [_thread_blocked, id=11338, stack(0x00007f25d2c41000,0x00007f25d2d42000)]
  0x00007f261c039000 JavaThread "threadDeathWatcher-7-1" daemon [_thread_blocked, id=11319, stack(0x00007f25d45ce000,0x00007f25d46cf000)]
  0x00007f25e0004000 JavaThread "rpc-server-3-2" daemon [_thread_blocked, id=11318, stack(0x00007f25d56d0000,0x00007f25d57d1000)]
  0x00007f2608025800 JavaThread "files-client-6-1" daemon [_thread_blocked, id=11317, stack(0x00007f25d72e7000,0x00007f25d73e8000)]
  0x00007f263267f800 JavaThread "pool-16-thread-5" daemon [_thread_blocked, id=11312, stack(0x00007f25d5ed4000,0x00007f25d5fd5000)]
  0x00007f261c029000 JavaThread "pool-16-thread-4" daemon [_thread_blocked, id=11311, stack(0x00007f25d61d5000,0x00007f25d62d6000)]
  0x00007f2632208000 JavaThread "pool-18-thread-3" daemon [_thread_blocked, id=11308, stack(0x00007f25d68e3000,0x00007f25d69e4000)]
  0x00007f2632202000 JavaThread "pool-16-thread-3" daemon [_thread_blocked, id=11307, stack(0x00007f25d69e4000,0x00007f25d6ae5000)]
  0x00007f2631d52800 JavaThread "pool-18-thread-2" daemon [_thread_blocked, id=11304, stack(0x00007f25d6ce5000,0x00007f25d6de6000)]
  0x00007f2631d51800 JavaThread "pool-16-thread-2" daemon [_thread_blocked, id=11303, stack(0x00007f25d6de6000,0x00007f25d6ee7000)]
  0x00007f2632039000 JavaThread "WeakCollectionCleaner" daemon [_thread_blocked, id=11293, stack(0x00007f25d75e8000,0x00007f25d76e9000)]
  0x00007f263243a000 JavaThread "GT authority factory disposer" daemon [_thread_blocked, id=11292, stack(0x00007f25d8ae9000,0x00007f25d8bea000)]
  0x00007f263233b000 JavaThread "pool-18-thread-1" daemon [_thread_blocked, id=11281, stack(0x00007f25d8eeb000,0x00007f25d8fec000)]
  0x00007f2632284000 JavaThread "pool-16-thread-1" daemon [_thread_blocked, id=11279, stack(0x00007f25d91ec000,0x00007f25d92ed000)]
  0x00007f2631f90000 JavaThread "Thrift Connection Pool Checker" daemon [_thread_blocked, id=11276, stack(0x00007f25d94ed000,0x00007f25d95ee000)]
  0x00007f2631f23000 JavaThread "main-EventThread" daemon [_thread_blocked, id=11274, stack(0x00007f25d95ee000,0x00007f25d96ef000)]
  0x00007f2631f12000 JavaThread "main-SendThread(127.0.0.1:2181)" daemon [_thread_blocked, id=11273, stack(0x00007f25d96ef000,0x00007f25d97f0000)]
  0x00007f2631a5b800 JavaThread "org.apache.hadoop.fs.FileSystem$Statistics$StatisticsDataReferenceCleaner" daemon [_thread_blocked, id=11267, stack(0x00007f25da5f0000,0x00007f25da6f1000)]
  0x00007f2631633000 JavaThread "SparkListenerBus" daemon [_thread_blocked, id=11264, stack(0x00007f25dacf1000,0x00007f25dadf2000)]
  0x00007f2631630800 JavaThread "context-cleaner-periodic-gc" daemon [_thread_blocked, id=11263, stack(0x00007f25dadf2000,0x00007f25daef3000)]
  0x00007f263162f800 JavaThread "Spark Context Cleaner" daemon [_thread_blocked, id=11262, stack(0x00007f25daef3000,0x00007f25daff4000)]
  0x00007f263143e800 JavaThread "shuffle-server-5-1" daemon [_thread_blocked, id=11261, stack(0x00007f25db1f4000,0x00007f25db2f5000)]
  0x00007f26313d5800 JavaThread "driver-heartbeater" daemon [_thread_blocked, id=11260, stack(0x00007f25db2f5000,0x00007f25db3f6000)]
  0x00007f26313be000 JavaThread "dag-scheduler-event-loop" daemon [_thread_blocked, id=11255, stack(0x00007f25db3f6000,0x00007f25db4f7000)]
  0x000056158facf800 JavaThread "netty-rpc-env-timeout" daemon [_thread_blocked, id=11254, stack(0x00007f25db6f7000,0x00007f25db7f8000)]
  0x00007f2631395800 JavaThread "Timer-0" daemon [_thread_blocked, id=11253, stack(0x00007f25db7f8000,0x00007f25db8f9000)]
  0x00007f25dc00c000 JavaThread "heartbeat-receiver-event-loop-thread" daemon [_thread_blocked, id=11252, stack(0x00007f25db8f9000,0x00007f25db9fa000)]
  0x00007f2631349000 JavaThread "SparkUI-34" daemon [_thread_blocked, id=11251, stack(0x00007f25db9fa000,0x00007f25dbafb000)]
  0x00007f2631347800 JavaThread "SparkUI-33" daemon [_thread_in_native, id=11250, stack(0x00007f25dbafb000,0x00007f25dbbfc000)]
  0x00007f2631346000 JavaThread "SparkUI-32" daemon [_thread_blocked, id=11249, stack(0x00007f25dbbfc000,0x00007f25dbcfd000)]
  0x00007f2631344000 JavaThread "SparkUI-31" daemon [_thread_blocked, id=11248, stack(0x00007f25dbcfd000,0x00007f25dbdfe000)]
  0x00007f2631342000 JavaThread "SparkUI-30" daemon [_thread_blocked, id=11247, stack(0x00007f25dbdfe000,0x00007f25dbeff000)]
  0x00007f2631340000 JavaThread "SparkUI-29" daemon [_thread_blocked, id=11246, stack(0x00007f25dbeff000,0x00007f25dc000000)]
  0x00007f263133e800 JavaThread "SparkUI-28-acceptor-0@4dabd25d-ServerConnector@436c3598{HTTP/1.1,[http/1.1]}{0.0.0.0:4040}" daemon [_thread_in_native, id=11245, stack(0x00007f2610024000,0x00007f2610125000)]
  0x00007f263133a000 JavaThread "SparkUI-27" daemon [_thread_blocked, id=11244, stack(0x00007f2610125000,0x00007f2610226000)]
  0x00007f263123f800 JavaThread "map-output-dispatcher-7" daemon [_thread_blocked, id=11241, stack(0x00007f2610426000,0x00007f2610527000)]
  0x00007f263123d800 JavaThread "map-output-dispatcher-6" daemon [_thread_blocked, id=11240, stack(0x00007f2610527000,0x00007f2610628000)]
  0x00007f263123b800 JavaThread "map-output-dispatcher-5" daemon [_thread_blocked, id=11239, stack(0x00007f2610628000,0x00007f2610729000)]
  0x00007f263123a000 JavaThread "map-output-dispatcher-4" daemon [_thread_blocked, id=11238, stack(0x00007f2610729000,0x00007f261082a000)]
  0x00007f2631238000 JavaThread "map-output-dispatcher-3" daemon [_thread_blocked, id=11237, stack(0x00007f261082a000,0x00007f261092b000)]
  0x00007f2631236800 JavaThread "map-output-dispatcher-2" daemon [_thread_blocked, id=11236, stack(0x00007f261092b000,0x00007f2610a2c000)]
  0x00007f2631234800 JavaThread "map-output-dispatcher-1" daemon [_thread_blocked, id=11235, stack(0x00007f2610a2c000,0x00007f2610b2d000)]
  0x00007f2631232800 JavaThread "map-output-dispatcher-0" daemon [_thread_blocked, id=11234, stack(0x00007f2610b2d000,0x00007f2610c2e000)]
  0x00007f26310db000 JavaThread "rpc-server-3-1" daemon [_thread_blocked, id=11233, stack(0x00007f2610ede000,0x00007f2610fdf000)]
  0x00007f26310d3000 JavaThread "dispatcher-event-loop-1" daemon [_thread_blocked, id=11232, stack(0x00007f26113f2000,0x00007f26114f3000)]
  0x00007f26310d2800 JavaThread "dispatcher-event-loop-0" daemon [_thread_blocked, id=11231, stack(0x00007f26118f5000,0x00007f26119f6000)]
  0x00007f26300b7800 JavaThread "Service Thread" daemon [_thread_blocked, id=11226, stack(0x00007f261ade5000,0x00007f261aee6000)]
  0x00007f26300b5000 JavaThread "C1 CompilerThread1" daemon [_thread_blocked, id=11225, stack(0x00007f261aee6000,0x00007f261afe7000)]
  0x00007f26300b2000 JavaThread "C2 CompilerThread0" daemon [_thread_blocked, id=11224, stack(0x00007f261afe7000,0x00007f261b0e8000)]
  0x00007f26300b0000 JavaThread "Signal Dispatcher" daemon [_thread_blocked, id=11223, stack(0x00007f261b0e8000,0x00007f261b1e9000)]
  0x00007f2630087000 JavaThread "Finalizer" daemon [_thread_blocked, id=11222, stack(0x00007f261b5f6000,0x00007f261b6f7000)]
  0x00007f2630082800 JavaThread "Reference Handler" daemon [_thread_blocked, id=11221, stack(0x00007f261b6f7000,0x00007f261b7f8000)]
  0x00007f2630011800 JavaThread "main" [_thread_blocked, id=11217, stack(0x00007f2638d1c000,0x00007f2638e1d000)]

Other Threads:
=>0x00007f263007b000 VMThread [stack: 0x00007f261b7f8000,0x00007f261b8f9000] [id=11220]
  0x00007f26300d6800 WatcherThread [stack: 0x00007f261ace4000,0x00007f261ade5000] [id=11227]

VM state:at safepoint (normal execution)

VM Mutex/Monitor currently owned by a thread:  ([mutex/lock_event])
[0x00007f263000d7f0] ExpandHeap_lock - owner thread: 0x00007f263007b000
[0x00007f263000de70] Threads_lock - owner thread: 0x00007f263007b000
[0x00007f263000e370] Heap_lock - owner thread: 0x00007f25dc022000

Heap:
 PSYoungGen      total 815616K, used 0K [0x0000000775580000, 0x00000007c0000000, 0x00000007c0000000)
  eden space 408064K, 0% used [0x0000000775580000,0x0000000775580000,0x000000078e400000)
  from space 407552K, 0% used [0x00000007a7200000,0x00000007a7200000,0x00000007c0000000)
  to   space 407552K, 0% used [0x000000078e400000,0x000000078e400000,0x00000007a7200000)
 ParOldGen       total 2327040K, used 1909191K [0x00000006e0000000, 0x000000076e080000, 0x0000000775580000)
  object space 2327040K, 82% used [0x00000006e0000000,0x0000000754871db0,0x000000076e080000)
 Metaspace       used 93763K, capacity 94802K, committed 94936K, reserved 1130496K
  class space    used 14097K, capacity 14334K, committed 14336K, reserved 1048576K

Card table byte_map: [0x00007f2634c1e000,0x00007f263531f000] byte_map_base: 0x00007f263151e000

Marking Bits: (ParMarkBitMap*) 0x00007f2637fc5120
 Begin Bits: [0x00007f2612000000, 0x00007f2615800000)
 End Bits:   [0x00007f2615800000, 0x00007f2619000000)

Polling page: 0x00007f2638e34000

CodeCache: size=245760Kb used=22445Kb max_used=22455Kb free=223314Kb
 bounds [0x00007f2621000000, 0x00007f2622620000, 0x00007f2630000000]
 total_blobs=9053 nmethods=8345 adapters=619
 compilation: enabled

Compilation events (10 events):
Event: 1157,789 Thread 0x00007f26300b2000 10168       4       org.apache.spark.sql.execution.joins.BroadcastNestedLoopJoinExec$$anonfun$9$$anonfun$apply$7::apply (160 bytes)
Event: 1157,820 Thread 0x00007f26300b2000 nmethod 10168 0x00007f26225e8d10 code [0x00007f26225e8f40, 0x00007f26225e9a40]
Event: 1158,166 Thread 0x00007f26300b5000 10169       1       org.spark_project.jetty.util.thread.QueuedThreadPool::access$400 (5 bytes)
Event: 1158,167 Thread 0x00007f26300b5000 nmethod 10169 0x00007f2621b44010 code [0x00007f2621b44160, 0x00007f2621b44250]
Event: 1158,167 Thread 0x00007f26300b5000 10170       1       org.spark_project.jetty.util.thread.QueuedThreadPool::access$500 (5 bytes)
Event: 1158,168 Thread 0x00007f26300b5000 nmethod 10170 0x00007f26225d9690 code [0x00007f26225d97e0, 0x00007f26225d98d0]
Event: 1158,168 Thread 0x00007f26300b5000 10171       1       org.spark_project.jetty.util.thread.QueuedThreadPool::access$600 (5 bytes)
Event: 1158,168 Thread 0x00007f26300b5000 nmethod 10171 0x00007f26220fe750 code [0x00007f26220fe8a0, 0x00007f26220fe990]
Event: 1162,158 Thread 0x00007f26300b5000 10172       3       java.util.Collections$SynchronizedList::<init> (11 bytes)
Event: 1162,158 Thread 0x00007f26300b5000 nmethod 10172 0x00007f26225e6410 code [0x00007f26225e65a0, 0x00007f26225e6968]

GC Heap History (10 events):
Event: 1166,583 GC heap after
Heap after GC invocations=2562 (full 10):
 PSYoungGen      total 815616K, used 155709K [0x0000000775580000, 0x00000007c0000000, 0x00000007c0000000)
  eden space 408064K, 0% used [0x0000000775580000,0x0000000775580000,0x000000078e400000)
  from space 407552K, 38% used [0x00000007a7200000,0x00000007b0a0f6c8,0x00000007c0000000)
  to   space 407552K, 0% used [0x000000078e400000,0x000000078e400000,0x00000007a7200000)
 ParOldGen       total 2327040K, used 1904413K [0x00000006e0000000, 0x000000076e080000, 0x0000000775580000)
  object space 2327040K, 81% used [0x00000006e0000000,0x00000007543c7450,0x000000076e080000)
 Metaspace       used 93763K, capacity 94802K, committed 94936K, reserved 1130496K
  class space    used 14097K, capacity 14334K, committed 14336K, reserved 1048576K
}
Event: 1167,230 GC heap before
{Heap before GC invocations=2563 (full 10):
 PSYoungGen      total 815616K, used 563773K [0x0000000775580000, 0x00000007c0000000, 0x00000007c0000000)
  eden space 408064K, 100% used [0x0000000775580000,0x000000078e400000,0x000000078e400000)
  from space 407552K, 38% used [0x00000007a7200000,0x00000007b0a0f6c8,0x00000007c0000000)
  to   space 407552K, 0% used [0x000000078e400000,0x000000078e400000,0x00000007a7200000)
 ParOldGen       total 2327040K, used 1904418K [0x00000006e0000000, 0x000000076e080000, 0x0000000775580000)
  object space 2327040K, 81% used [0x00000006e0000000,0x00000007543c8800,0x000000076e080000)
 Metaspace       used 93763K, capacity 94802K, committed 94936K, reserved 1130496K
  class space    used 14097K, capacity 14334K, committed 14336K, reserved 1048576K
Event: 1167,278 GC heap after
Heap after GC invocations=2563 (full 10):
 PSYoungGen      total 815616K, used 240531K [0x0000000775580000, 0x00000007c0000000, 0x00000007c0000000)
  eden space 408064K, 0% used [0x0000000775580000,0x0000000775580000,0x000000078e400000)
  from space 407552K, 59% used [0x000000078e400000,0x000000079cee4de0,0x00000007a7200000)
  to   space 407552K, 0% used [0x00000007a7200000,0x00000007a7200000,0x00000007c0000000)
 ParOldGen       total 2327040K, used 1904418K [0x00000006e0000000, 0x000000076e080000, 0x0000000775580000)
  object space 2327040K, 81% used [0x00000006e0000000,0x00000007543c8800,0x000000076e080000)
 Metaspace       used 93763K, capacity 94802K, committed 94936K, reserved 1130496K
  class space    used 14097K, capacity 14334K, committed 14336K, reserved 1048576K
}
Event: 1167,459 GC heap before
{Heap before GC invocations=2564 (full 10):
 PSYoungGen      total 815616K, used 648595K [0x0000000775580000, 0x00000007c0000000, 0x00000007c0000000)
  eden space 408064K, 100% used [0x0000000775580000,0x000000078e400000,0x000000078e400000)
  from space 407552K, 59% used [0x000000078e400000,0x000000079cee4de0,0x00000007a7200000)
  to   space 407552K, 0% used [0x00000007a7200000,0x00000007a7200000,0x00000007c0000000)
 ParOldGen       total 2327040K, used 1904457K [0x00000006e0000000, 0x000000076e080000, 0x0000000775580000)
  object space 2327040K, 81% used [0x00000006e0000000,0x00000007543d2780,0x000000076e080000)
 Metaspace       used 93763K, capacity 94802K, committed 94936K, reserved 1130496K
  class space    used 14097K, capacity 14334K, committed 14336K, reserved 1048576K
Event: 1167,516 GC heap after
Heap after GC invocations=2564 (full 10):
 PSYoungGen      total 815616K, used 340705K [0x0000000775580000, 0x00000007c0000000, 0x00000007c0000000)
  eden space 408064K, 0% used [0x0000000775580000,0x0000000775580000,0x000000078e400000)
  from space 407552K, 83% used [0x00000007a7200000,0x00000007bbeb87e8,0x00000007c0000000)
  to   space 407552K, 0% used [0x000000078e400000,0x000000078e400000,0x00000007a7200000)
 ParOldGen       total 2327040K, used 1904457K [0x00000006e0000000, 0x000000076e080000, 0x0000000775580000)
  object space 2327040K, 81% used [0x00000006e0000000,0x00000007543d2780,0x000000076e080000)
 Metaspace       used 93763K, capacity 94802K, committed 94936K, reserved 1130496K
  class space    used 14097K, capacity 14334K, committed 14336K, reserved 1048576K
}
Event: 1167,669 GC heap before
{Heap before GC invocations=2565 (full 10):
 PSYoungGen      total 815616K, used 748769K [0x0000000775580000, 0x00000007c0000000, 0x00000007c0000000)
  eden space 408064K, 100% used [0x0000000775580000,0x000000078e400000,0x000000078e400000)
  from space 407552K, 83% used [0x00000007a7200000,0x00000007bbeb87e8,0x00000007c0000000)
  to   space 407552K, 0% used [0x000000078e400000,0x000000078e400000,0x00000007a7200000)
 ParOldGen       total 2327040K, used 1904457K [0x00000006e0000000, 0x000000076e080000, 0x0000000775580000)
  object space 2327040K, 81% used [0x00000006e0000000,0x00000007543d2780,0x000000076e080000)
 Metaspace       used 93763K, capacity 94802K, committed 94936K, reserved 1130496K
  class space    used 14097K, capacity 14334K, committed 14336K, reserved 1048576K
Event: 1167,953 GC heap after
Heap after GC invocations=2565 (full 10):
 PSYoungGen      total 815616K, used 373976K [0x0000000775580000, 0x00000007c0000000, 0x00000007c0000000)
  eden space 408064K, 0% used [0x0000000775580000,0x0000000775580000,0x000000078e400000)
  from space 407552K, 91% used [0x000000078e400000,0x00000007a5136358,0x00000007a7200000)
  to   space 407552K, 0% used [0x00000007a7200000,0x00000007a7200000,0x00000007c0000000)
 ParOldGen       total 2327040K, used 1975868K [0x00000006e0000000, 0x000000076e080000, 0x0000000775580000)
  object space 2327040K, 84% used [0x00000006e0000000,0x000000075898f390,0x000000076e080000)
 Metaspace       used 93763K, capacity 94802K, committed 94936K, reserved 1130496K
  class space    used 14097K, capacity 14334K, committed 14336K, reserved 1048576K
}
Event: 1168,186 GC heap before
{Heap before GC invocations=2566 (full 10):
 PSYoungGen      total 815616K, used 782040K [0x0000000775580000, 0x00000007c0000000, 0x00000007c0000000)
  eden space 408064K, 100% used [0x0000000775580000,0x000000078e400000,0x000000078e400000)
  from space 407552K, 91% used [0x000000078e400000,0x00000007a5136358,0x00000007a7200000)
  to   space 407552K, 0% used [0x00000007a7200000,0x00000007a7200000,0x00000007c0000000)
 ParOldGen       total 2327040K, used 1975868K [0x00000006e0000000, 0x000000076e080000, 0x0000000775580000)
  object space 2327040K, 84% used [0x00000006e0000000,0x000000075898f390,0x000000076e080000)
 Metaspace       used 93763K, capacity 94802K, committed 94936K, reserved 1130496K
  class space    used 14097K, capacity 14334K, committed 14336K, reserved 1048576K
Event: 1169,205 GC heap after
Heap after GC invocations=2566 (full 10):
 PSYoungGen      total 815616K, used 303355K [0x0000000775580000, 0x00000007c0000000, 0x00000007c0000000)
  eden space 408064K, 0% used [0x0000000775580000,0x0000000775580000,0x000000078e400000)
  from space 407552K, 74% used [0x00000007a7200000,0x00000007b9a3ef18,0x00000007c0000000)
  to   space 407552K, 0% used [0x000000078e400000,0x000000078e400000,0x00000007a7200000)
 ParOldGen       total 2327040K, used 2146355K [0x00000006e0000000, 0x000000076e080000, 0x0000000775580000)
  object space 2327040K, 92% used [0x00000006e0000000,0x000000076300ce90,0x000000076e080000)
 Metaspace       used 93763K, capacity 94802K, committed 94936K, reserved 1130496K
  class space    used 14097K, capacity 14334K, committed 14336K, reserved 1048576K
}
Event: 1169,987 GC heap before
{Heap before GC invocations=2567 (full 11):
 PSYoungGen      total 815616K, used 303355K [0x0000000775580000, 0x00000007c0000000, 0x00000007c0000000)
  eden space 408064K, 0% used [0x0000000775580000,0x0000000775580000,0x000000078e400000)
  from space 407552K, 74% used [0x00000007a7200000,0x00000007b9a3ef18,0x00000007c0000000)
  to   space 407552K, 0% used [0x000000078e400000,0x000000078e400000,0x00000007a7200000)
 ParOldGen       total 2327040K, used 2146355K [0x00000006e0000000, 0x000000076e080000, 0x0000000775580000)
  object space 2327040K, 92% used [0x00000006e0000000,0x000000076300ce90,0x000000076e080000)
 Metaspace       used 93763K, capacity 94802K, committed 94936K, reserved 1130496K
  class space    used 14097K, capacity 14334K, committed 14336K, reserved 1048576K

Deoptimization events (10 events):
Event: 1155,517 Thread 0x00007f2630011800 Uncommon trap: reason=class_check action=maybe_recompile pc=0x00007f26224ea544 method=java.util.ComparableTimSort.countRunAndMakeAscending([Ljava/lang/Object;II)I @ 36
Event: 1155,517 Thread 0x00007f2630011800 Uncommon trap: reason=predicate action=maybe_recompile pc=0x00007f26222e6290 method=java.util.ComparableTimSort.binarySort([Ljava/lang/Object;III)V @ 37
Event: 1155,539 Thread 0x00007f26313be000 Uncommon trap: reason=unstable_if action=reinterpret pc=0x00007f262239c9a4 method=java.lang.Math.max(DD)D @ 11
Event: 1155,737 Thread 0x00007f25e805b800 Uncommon trap: reason=unstable_if action=reinterpret pc=0x00007f2622273500 method=org.apache.spark.sql.execution.joins.BroadcastNestedLoopJoinExec.org$apache$spark$sql$execution$joins$BroadcastNestedLoopJoinExec$$boundCondition()Lscala/Function1; @ 4
Event: 1156,304 Thread 0x00007f25dc022000 Uncommon trap: reason=unstable_if action=reinterpret pc=0x00007f26225d12fc method=org.apache.spark.util.collection.CompactBuffer$$anon$1.hasNext()Z @ 11
Event: 1156,304 Thread 0x00007f25dc022000 Uncommon trap: reason=unstable_if action=reinterpret pc=0x00007f26225dd250 method=scala.collection.Iterator$$anon$12.hasNext()Z @ 9
Event: 1156,305 Thread 0x00007f25dc022000 Uncommon trap: reason=unstable_if action=reinterpret pc=0x00007f26225b996c method=org.apache.spark.util.collection.CompactBuffer.$plus$eq(Ljava/lang/Object;)Lorg/apache/spark/util/collection/CompactBuffer; @ 7
Event: 1156,306 Thread 0x00007f25dc022000 Uncommon trap: reason=unstable_if action=reinterpret pc=0x00007f26225b6aac method=org.apache.spark.util.collection.CompactBuffer.growToSize(I)V @ 20
Event: 1156,678 Thread 0x00007f25e805b800 Uncommon trap: reason=unstable_if action=reinterpret pc=0x00007f26225e1f54 method=org.apache.spark.util.collection.CompactBuffer.apply(I)Ljava/lang/Object; @ 23
Event: 1156,678 Thread 0x00007f25e805b800 Uncommon trap: reason=unstable_if action=reinterpret pc=0x00007f26225dd600 method=org.apache.spark.util.collection.CompactBuffer.apply(I)Ljava/lang/Object; @ 35

Classes redefined (0 events):
No events

Internal exceptions (10 events):
Event: 18,606 Thread 0x00007f2630011800 Exception <a 'java/lang/NoSuchMethodError': <clinit>> (0x0000000780873988) thrown at [/build/openjdk-8-tOoOp2/openjdk-8-8u162-b12/src/hotspot/src/share/vm/prims/jni.cpp, line 1613]
Event: 18,606 Thread 0x00007f2630011800 Exception <a 'java/lang/NoSuchMethodError': <clinit>> (0x0000000780876e48) thrown at [/build/openjdk-8-tOoOp2/openjdk-8-8u162-b12/src/hotspot/src/share/vm/prims/jni.cpp, line 1613]
Event: 618,164 Thread 0x00007f25e805b800 Implicit null exception at 0x00007f262173fcb5 to 0x00007f262173ffb5
Event: 618,284 Thread 0x00007f25e805b800 Implicit null exception at 0x00007f262236503d to 0x00007f26223696e5
Event: 687,202 Thread 0x00007f25dc03d000 Implicit null exception at 0x00007f2622174bab to 0x00007f2622175005
Event: 1155,514 Thread 0x00007f2630011800 Exception <a 'java/lang/NoSuchMethodError': <clinit>> (0x000000078d8fd478) thrown at [/build/openjdk-8-tOoOp2/openjdk-8-8u162-b12/src/hotspot/src/share/vm/prims/jni.cpp, line 1613]
Event: 1155,516 Thread 0x00007f2630011800 Exception <a 'java/lang/NoSuchMethodError': <clinit>> (0x000000078d931cb0) thrown at [/build/openjdk-8-tOoOp2/openjdk-8-8u162-b12/src/hotspot/src/share/vm/prims/jni.cpp, line 1613]
Event: 1155,537 Thread 0x00007f26313be000 Exception <a 'java/lang/NoSuchMethodError': <clinit>> (0x000000078d58f9a0) thrown at [/build/openjdk-8-tOoOp2/openjdk-8-8u162-b12/src/hotspot/src/share/vm/prims/jni.cpp, line 1613]
Event: 1155,557 Thread 0x00007f26310d2800 Exception <a 'java/lang/NoSuchMethodError': <clinit>> (0x00000007759dde00) thrown at [/build/openjdk-8-tOoOp2/openjdk-8-8u162-b12/src/hotspot/src/share/vm/prims/jni.cpp, line 1613]
Event: 1156,306 Thread 0x00007f25dc022000 Implicit null exception at 0x00007f26225b67c0 to 0x00007f26225b6a99

Events (10 events):
Event: 1166,584 Executing VM operation: ParallelGCFailedAllocation done
Event: 1167,230 Executing VM operation: ParallelGCFailedAllocation
Event: 1167,230 Executing VM operation: ParallelGCFailedAllocation done
Event: 1167,230 Executing VM operation: ParallelGCSystemGC
Event: 1167,278 Executing VM operation: ParallelGCSystemGC done
Event: 1167,456 Executing VM operation: ParallelGCFailedAllocation
Event: 1167,516 Executing VM operation: ParallelGCFailedAllocation done
Event: 1167,668 Executing VM operation: ParallelGCFailedAllocation
Event: 1167,953 Executing VM operation: ParallelGCFailedAllocation done
Event: 1168,181 Executing VM operation: ParallelGCFailedAllocation


Dynamic libraries:
6e0000000-76e080000 rw-p 00000000 00:00 0 
76f700000-775580000 ---p 00000000 00:00 0 
775580000-7c0000000 rw-p 00000000 00:00 0 
7c0000000-7c0e00000 rw-p 00000000 00:00 0 
7c0e00000-800000000 ---p 00000000 00:00 0 
56158f5cf000-56158f5d0000 r-xp 00000000 08:01 136313                     /usr/lib/jvm/java-8-openjdk-amd64/jre/bin/java
56158f7cf000-56158f7d0000 r--p 00000000 08:01 136313                     /usr/lib/jvm/java-8-openjdk-amd64/jre/bin/java
56158f7d0000-56158f7d1000 rw-p 00001000 08:01 136313                     /usr/lib/jvm/java-8-openjdk-amd64/jre/bin/java
56158faa9000-56158faeb000 rw-p 00000000 00:00 0                          [heap]
7f25d1c37000-7f25d1c3a000 ---p 00000000 00:00 0 
7f25d1c3a000-7f25d1df8000 rw-p 00000000 00:00 0 
7f25d1df8000-7f25d1f38000 ---p 00000000 00:00 0 
7f25d1f38000-7f25d2138000 rw-p 00000000 00:00 0 
7f25d2138000-7f25d213b000 ---p 00000000 00:00 0 
7f25d213b000-7f25d2239000 rw-p 00000000 00:00 0 
7f25d2239000-7f25d223c000 ---p 00000000 00:00 0 
7f25d223c000-7f25d233a000 rw-p 00000000 00:00 0 
7f25d233a000-7f25d233d000 ---p 00000000 00:00 0 
7f25d233d000-7f25d243b000 rw-p 00000000 00:00 0 
7f25d243b000-7f25d243e000 ---p 00000000 00:00 0 
7f25d243e000-7f25d253c000 rw-p 00000000 00:00 0 
7f25d253c000-7f25d253f000 ---p 00000000 00:00 0 
7f25d253f000-7f25d263d000 rw-p 00000000 00:00 0 
7f25d263d000-7f25d2640000 ---p 00000000 00:00 0 
7f25d2640000-7f25d273e000 rw-p 00000000 00:00 0 
7f25d273e000-7f25d2741000 ---p 00000000 00:00 0 
7f25d2741000-7f25d283f000 rw-p 00000000 00:00 0 
7f25d283f000-7f25d2842000 ---p 00000000 00:00 0 
7f25d2842000-7f25d2b40000 rw-p 00000000 00:00 0 
7f25d2b40000-7f25d2b43000 ---p 00000000 00:00 0 
7f25d2b43000-7f25d2c41000 rw-p 00000000 00:00 0 
7f25d2c41000-7f25d2c44000 ---p 00000000 00:00 0 
7f25d2c44000-7f25d2d42000 rw-p 00000000 00:00 0 
7f25d2d42000-7f25d31e9000 r--s 03faf000 08:01 928306                     /tmp/spark-a6b7fa22-d3d9-421b-9c47-e09a963432c3/userFiles-4dfafdea-ca39-4660-abda-a6ce0aee39a8/geomesa-examples-spark-2.1.0-SNAPSHOT.jar
7f25d31e9000-7f25d35cd000 r--s 03531000 08:01 928305                     /tmp/spark-a6b7fa22-d3d9-421b-9c47-e09a963432c3/userFiles-4dfafdea-ca39-4660-abda-a6ce0aee39a8/geomesa-accumulo-spark-runtime_2.11-2.0.0.jar
7f25d35cd000-7f25d45ce000 rw-p 00000000 00:00 0 
7f25d45ce000-7f25d45d1000 ---p 00000000 00:00 0 
7f25d45d1000-7f25d56d0000 rw-p 00000000 00:00 0 
7f25d56d0000-7f25d56d3000 ---p 00000000 00:00 0 
7f25d56d3000-7f25d57d1000 rw-p 00000000 00:00 0 
7f25d57d1000-7f25d57d4000 ---p 00000000 00:00 0 
7f25d57d4000-7f25d58d2000 rw-p 00000000 00:00 0 
7f25d58d2000-7f25d58d5000 ---p 00000000 00:00 0 
7f25d58d5000-7f25d5bd3000 rw-p 00000000 00:00 0 
7f25d5bd3000-7f25d5dd3000 rw-p 00000000 00:00 0 
7f25d5dd3000-7f25d5dd6000 ---p 00000000 00:00 0 
7f25d5dd6000-7f25d5ed4000 rw-p 00000000 00:00 0 
7f25d5ed4000-7f25d5ed7000 ---p 00000000 00:00 0 
7f25d5ed7000-7f25d61d5000 rw-p 00000000 00:00 0 
7f25d61d5000-7f25d61d8000 ---p 00000000 00:00 0 
7f25d61d8000-7f25d64d6000 rw-p 00000000 00:00 0 
7f25d64d6000-7f25d64e3000 r-xp 00000000 08:01 928300                     /tmp/liblz4-java2418581636313292931.so
7f25d64e3000-7f25d66e2000 ---p 0000d000 08:01 928300                     /tmp/liblz4-java2418581636313292931.so
7f25d66e2000-7f25d66e3000 rw-p 0000c000 08:01 928300                     /tmp/liblz4-java2418581636313292931.so
7f25d66e3000-7f25d68e3000 rw-p 00000000 00:00 0 
7f25d68e3000-7f25d68e6000 ---p 00000000 00:00 0 
7f25d68e6000-7f25d69e4000 rw-p 00000000 00:00 0 
7f25d69e4000-7f25d69e7000 ---p 00000000 00:00 0 
7f25d69e7000-7f25d6ce5000 rw-p 00000000 00:00 0 
7f25d6ce5000-7f25d6ce8000 ---p 00000000 00:00 0 
7f25d6ce8000-7f25d6de6000 rw-p 00000000 00:00 0 
7f25d6de6000-7f25d6de9000 ---p 00000000 00:00 0 
7f25d6de9000-7f25d70e7000 rw-p 00000000 00:00 0 
7f25d70e7000-7f25d72e7000 rw-p 00000000 00:00 0 
7f25d72e7000-7f25d72ea000 ---p 00000000 00:00 0 
7f25d72ea000-7f25d75e8000 rw-p 00000000 00:00 0 
7f25d75e8000-7f25d75eb000 ---p 00000000 00:00 0 
7f25d75eb000-7f25d76e9000 rw-p 00000000 00:00 0 
7f25d76e9000-7f25d86e9000 r--s 00000000 08:01 928295                     /tmp/Geotools/Databases/HSQL/v8.6.0.0/EPSG.data
7f25d86e9000-7f25d88e9000 rw-p 00000000 00:00 0 
7f25d88e9000-7f25d8ae9000 rw-p 00000000 00:00 0 
7f25d8ae9000-7f25d8aec000 ---p 00000000 00:00 0 
7f25d8aec000-7f25d8dea000 rw-p 00000000 00:00 0 
7f25d8dea000-7f25d8ded000 ---p 00000000 00:00 0 
7f25d8ded000-7f25d8eeb000 rw-p 00000000 00:00 0 
7f25d8eeb000-7f25d8eee000 ---p 00000000 00:00 0 
7f25d8eee000-7f25d91ec000 rw-p 00000000 00:00 0 
7f25d91ec000-7f25d91ef000 ---p 00000000 00:00 0 
7f25d91ef000-7f25d94ed000 rw-p 00000000 00:00 0 
7f25d94ed000-7f25d94f0000 ---p 00000000 00:00 0 
7f25d94f0000-7f25d95ee000 rw-p 00000000 00:00 0 
7f25d95ee000-7f25d95f1000 ---p 00000000 00:00 0 
7f25d95f1000-7f25d96ef000 rw-p 00000000 00:00 0 
7f25d96ef000-7f25d96f2000 ---p 00000000 00:00 0 
7f25d96f2000-7f25d99f0000 rw-p 00000000 00:00 0 
7f25d99f0000-7f25d9bf0000 rw-p 00000000 00:00 0 
7f25d9bf0000-7f25d9df0000 rw-p 00000000 00:00 0 
7f25d9df0000-7f25d9ff0000 rw-p 00000000 00:00 0 
7f25d9ff0000-7f25da1f0000 rw-p 00000000 00:00 0 
7f25da1f0000-7f25da3f0000 rw-p 00000000 00:00 0 
7f25da3f0000-7f25da5f0000 rw-p 00000000 00:00 0 
7f25da5f0000-7f25da5f3000 ---p 00000000 00:00 0 
7f25da5f3000-7f25da8f1000 rw-p 00000000 00:00 0 
7f25da8f1000-7f25daae7000 rw-p 00000000 00:00 0 
7f25daae7000-7f25daaf1000 ---p 00000000 00:00 0 
7f25daaf1000-7f25dacf1000 rw-p 00000000 00:00 0 
7f25dacf1000-7f25dacf4000 ---p 00000000 00:00 0 
7f25dacf4000-7f25dadf2000 rw-p 00000000 00:00 0 
7f25dadf2000-7f25dadf5000 ---p 00000000 00:00 0 
7f25dadf5000-7f25daef3000 rw-p 00000000 00:00 0 
7f25daef3000-7f25daef6000 ---p 00000000 00:00 0 
7f25daef6000-7f25db1f4000 rw-p 00000000 00:00 0 
7f25db1f4000-7f25db1f7000 ---p 00000000 00:00 0 
7f25db1f7000-7f25db2f5000 rw-p 00000000 00:00 0 
7f25db2f5000-7f25db2f8000 ---p 00000000 00:00 0 
7f25db2f8000-7f25db3f6000 rw-p 00000000 00:00 0 
7f25db3f6000-7f25db3f9000 ---p 00000000 00:00 0 
7f25db3f9000-7f25db6f7000 rw-p 00000000 00:00 0 
7f25db6f7000-7f25db6fa000 ---p 00000000 00:00 0 
7f25db6fa000-7f25db7f8000 rw-p 00000000 00:00 0 
7f25db7f8000-7f25db7fb000 ---p 00000000 00:00 0 
7f25db7fb000-7f25db8f9000 rw-p 00000000 00:00 0 
7f25db8f9000-7f25db8fc000 ---p 00000000 00:00 0 
7f25db8fc000-7f25db9fa000 rw-p 00000000 00:00 0 
7f25db9fa000-7f25db9fd000 ---p 00000000 00:00 0 
7f25db9fd000-7f25dbafb000 rw-p 00000000 00:00 0 
7f25dbafb000-7f25dbafe000 ---p 00000000 00:00 0 
7f25dbafe000-7f25dbbfc000 rw-p 00000000 00:00 0 
7f25dbbfc000-7f25dbbff000 ---p 00000000 00:00 0 
7f25dbbff000-7f25dbcfd000 rw-p 00000000 00:00 0 
7f25dbcfd000-7f25dbd00000 ---p 00000000 00:00 0 
7f25dbd00000-7f25dbdfe000 rw-p 00000000 00:00 0 
7f25dbdfe000-7f25dbe01000 ---p 00000000 00:00 0 
7f25dbe01000-7f25dbeff000 rw-p 00000000 00:00 0 
7f25dbeff000-7f25dbf02000 ---p 00000000 00:00 0 
7f25dbf02000-7f25dc000000 rw-p 00000000 00:00 0 
7f25dc000000-7f25dc0b2000 rw-p 00000000 00:00 0 
7f25dc0b2000-7f25e0000000 ---p 00000000 00:00 0 
7f25e0000000-7f25e0021000 rw-p 00000000 00:00 0 
7f25e0021000-7f25e4000000 ---p 00000000 00:00 0 
7f25e4000000-7f25e4081000 rw-p 00000000 00:00 0 
7f25e4081000-7f25e8000000 ---p 00000000 00:00 0 
7f25e8000000-7f25e80c4000 rw-p 00000000 00:00 0 
7f25e80c4000-7f25ec000000 ---p 00000000 00:00 0 
7f25ec000000-7f25ec045000 rw-p 00000000 00:00 0 
7f25ec045000-7f25f0000000 ---p 00000000 00:00 0 
7f25f0000000-7f25f0065000 rw-p 00000000 00:00 0 
7f25f0065000-7f25f4000000 ---p 00000000 00:00 0 
7f25f4000000-7f25f5cc2000 rw-p 00000000 00:00 0 
7f25f5cc2000-7f25f8000000 ---p 00000000 00:00 0 
7f25f8000000-7f25f9bba000 rw-p 00000000 00:00 0 
7f25f9bba000-7f25fc000000 ---p 00000000 00:00 0 
7f25fc000000-7f25fc332000 rw-p 00000000 00:00 0 
7f25fc332000-7f2600000000 ---p 00000000 00:00 0 
7f2600000000-7f260014f000 rw-p 00000000 00:00 0 
7f260014f000-7f2604000000 ---p 00000000 00:00 0 
7f2604000000-7f2604219000 rw-p 00000000 00:00 0 
7f2604219000-7f2608000000 ---p 00000000 00:00 0 
7f2608000000-7f260810f000 rw-p 00000000 00:00 0 
7f260810f000-7f260c000000 ---p 00000000 00:00 0 
7f260c000000-7f260c102000 rw-p 00000000 00:00 0 
7f260c102000-7f2610000000 ---p 00000000 00:00 0 
7f2610024000-7f2610027000 ---p 00000000 00:00 0 
7f2610027000-7f2610125000 rw-p 00000000 00:00 0 
7f2610125000-7f2610128000 ---p 00000000 00:00 0 
7f2610128000-7f2610426000 rw-p 00000000 00:00 0 
7f2610426000-7f2610429000 ---p 00000000 00:00 0 
7f2610429000-7f2610527000 rw-p 00000000 00:00 0 
7f2610527000-7f261052a000 ---p 00000000 00:00 0 
7f261052a000-7f2610628000 rw-p 00000000 00:00 0 
7f2610628000-7f261062b000 ---p 00000000 00:00 0 
7f261062b000-7f2610729000 rw-p 00000000 00:00 0 
7f2610729000-7f261072c000 ---p 00000000 00:00 0 
7f261072c000-7f261082a000 rw-p 00000000 00:00 0 
7f261082a000-7f261082d000 ---p 00000000 00:00 0 
7f261082d000-7f261092b000 rw-p 00000000 00:00 0 
7f261092b000-7f261092e000 ---p 00000000 00:00 0 
7f261092e000-7f2610a2c000 rw-p 00000000 00:00 0 
7f2610a2c000-7f2610a2f000 ---p 00000000 00:00 0 
7f2610a2f000-7f2610b2d000 rw-p 00000000 00:00 0 
7f2610b2d000-7f2610b30000 ---p 00000000 00:00 0 
7f2610b30000-7f2610c2e000 rw-p 00000000 00:00 0 
7f2610cde000-7f2610ede000 rw-p 00000000 00:00 0 
7f2610ede000-7f2610ee1000 ---p 00000000 00:00 0 
7f2610ee1000-7f2610fdf000 rw-p 00000000 00:00 0 
7f2610fdf000-7f2610ff0000 r-xp 00000000 08:01 145470                     /usr/lib/jvm/java-8-openjdk-amd64/jre/lib/amd64/libnio.so
7f2610ff0000-7f26111f0000 ---p 00011000 08:01 145470                     /usr/lib/jvm/java-8-openjdk-amd64/jre/lib/amd64/libnio.so
7f26111f0000-7f26111f1000 r--p 00011000 08:01 145470                     /usr/lib/jvm/java-8-openjdk-amd64/jre/lib/amd64/libnio.so
7f26111f1000-7f26111f2000 rw-p 00012000 08:01 145470                     /usr/lib/jvm/java-8-openjdk-amd64/jre/lib/amd64/libnio.so
7f26111f2000-7f26113f2000 rw-p 00000000 00:00 0 
7f26113f2000-7f26113f5000 ---p 00000000 00:00 0 
7f26113f5000-7f26116f3000 rw-p 00000000 00:00 0 
7f26116f3000-7f26116f4000 r-xp 00000000 08:01 139095                     /usr/lib/jvm/java-8-openjdk-amd64/jre/lib/amd64/libjaas_unix.so
7f26116f4000-7f26118f3000 ---p 00001000 08:01 139095                     /usr/lib/jvm/java-8-openjdk-amd64/jre/lib/amd64/libjaas_unix.so
7f26118f3000-7f26118f4000 r--p 00000000 08:01 139095                     /usr/lib/jvm/java-8-openjdk-amd64/jre/lib/amd64/libjaas_unix.so
7f26118f4000-7f26118f5000 rw-p 00001000 08:01 139095                     /usr/lib/jvm/java-8-openjdk-amd64/jre/lib/amd64/libjaas_unix.so
7f26118f5000-7f26118f8000 ---p 00000000 00:00 0 
7f26118f8000-7f2611bf6000 rw-p 00000000 00:00 0 
7f2611bf6000-7f2611bff000 r-xp 00000000 08:01 145467                     /usr/lib/jvm/java-8-openjdk-amd64/jre/lib/amd64/libmanagement.so
7f2611bff000-7f2611dfe000 ---p 00009000 08:01 145467                     /usr/lib/jvm/java-8-openjdk-amd64/jre/lib/amd64/libmanagement.so
7f2611dfe000-7f2611dff000 r--p 00008000 08:01 145467                     /usr/lib/jvm/java-8-openjdk-amd64/jre/lib/amd64/libmanagement.so
7f2611dff000-7f2611e00000 rw-p 00009000 08:01 145467                     /usr/lib/jvm/java-8-openjdk-amd64/jre/lib/amd64/libmanagement.so
7f2611e00000-7f2619000000 rw-p 00000000 00:00 0 
7f2619066000-7f2619069000 r--s 00015000 08:01 145527                     /usr/lib/jvm/java-8-openjdk-amd64/jre/lib/jce.jar
7f2619069000-7f261907c000 r--s 00346000 08:01 145534                     /usr/lib/jvm/java-8-openjdk-amd64/jre/lib/resources.jar
7f261907c000-7f261907f000 ---p 00000000 00:00 0 
7f261907f000-7f2619146000 rw-p 00000000 00:00 0 
7f2619146000-7f261952a000 r--s 03531000 08:01 280205                     /opt/geomesa-accumulo_2.11-2.0.0/dist/spark/geomesa-accumulo-spark-runtime_2.11-2.0.0.jar
7f261952a000-7f261952f000 r--s 0009d000 08:01 145529                     /usr/lib/jvm/java-8-openjdk-amd64/jre/lib/jsse.jar
7f261952f000-7f26195e2000 rw-p 00000000 00:00 0 
7f26195e2000-7f2619a89000 r--s 03faf000 08:01 1183877                    /home/ala/geomesa-tutorials/geomesa-examples-spark/target/geomesa-examples-spark-2.1.0-SNAPSHOT.jar
7f2619a89000-7f2619a8a000 r--s 00003000 08:01 409218                     /opt/spark-2.2.0-bin-hadoop2.7/jars/spark-tags_2.11-2.2.0.jar
7f2619a8a000-7f2619a8c000 r--s 00027000 08:01 409278                     /opt/spark-2.2.0-bin-hadoop2.7/jars/core-1.1.2.jar
7f2619a8c000-7f2619a8e000 r--s 0000f000 08:01 409220                     /opt/spark-2.2.0-bin-hadoop2.7/jars/curator-client-2.6.0.jar
7f2619a8e000-7f2619a95000 r--s 0003f000 08:01 409186                     /opt/spark-2.2.0-bin-hadoop2.7/jars/commons-codec-1.10.jar
7f2619a95000-7f2619a97000 r--s 00012000 08:01 409292                     /opt/spark-2.2.0-bin-hadoop2.7/jars/api-util-1.0.0-M20.jar
7f2619a97000-7f2619a98000 r--s 00006000 08:01 409276                     /opt/spark-2.2.0-bin-hadoop2.7/jars/jackson-xc-1.9.13.jar
7f2619a98000-7f2619a9c000 r--s 00029000 08:01 409213                     /opt/spark-2.2.0-bin-hadoop2.7/jars/spark-mllib-local_2.11-2.2.0.jar
7f2619a9c000-7f2619aa0000 r--s 00018000 08:01 409171                     /opt/spark-2.2.0-bin-hadoop2.7/jars/metrics-core-3.1.2.jar
7f2619aa0000-7f2619aae000 r--s 000b1000 08:01 409260                     /opt/spark-2.2.0-bin-hadoop2.7/jars/jackson-mapper-asl-1.9.13.jar
7f2619aae000-7f2619ac6000 r--s 00115000 08:01 409143                     /opt/spark-2.2.0-bin-hadoop2.7/jars/xercesImpl-2.9.1.jar
7f2619ac6000-7f2619b12000 r--s 00411000 08:01 409333                     /opt/spark-2.2.0-bin-hadoop2.7/jars/scala-reflect-2.11.8.jar
7f2619b12000-7f2619b75000 r--s 004de000 08:01 409225                     /opt/spark-2.2.0-bin-hadoop2.7/jars/hive-metastore-1.2.1.spark2.jar
7f2619b75000-7f2619b97000 r--s 00335000 08:01 409256                     /opt/spark-2.2.0-bin-hadoop2.7/jars/mesos-1.0.0-shaded-protobuf.jar
7f2619b97000-7f2619bbb000 r--s 001cd000 08:01 409331                     /opt/spark-2.2.0-bin-hadoop2.7/jars/commons-math3-3.4.1.jar
7f2619bbb000-7f2619bbc000 r--s 00002000 08:01 409172                     /opt/spark-2.2.0-bin-hadoop2.7/jars/java-xmlbuilder-1.0.jar
7f2619bbc000-7f2619bd5000 r--s 00150000 08:01 409211                     /opt/spark-2.2.0-bin-hadoop2.7/jars/htrace-core-3.1.0-incubating.jar
7f2619bd5000-7f2619bd9000 r--s 00019000 08:01 409273                     /opt/spark-2.2.0-bin-hadoop2.7/jars/javax.ws.rs-api-2.0.1.jar
7f2619bd9000-7f2619bfb000 r--s 00197000 08:01 409207                     /opt/spark-2.2.0-bin-hadoop2.7/jars/spark-hive-thriftserver_2.11-2.2.0.jar
7f2619bfb000-7f2619c00000 r--s 00032000 08:01 409342                     /opt/spark-2.2.0-bin-hadoop2.7/jars/chill_2.11-0.8.0.jar
7f2619c00000-7f2619c0b000 r--s 000b0000 08:01 409238                     /opt/spark-2.2.0-bin-hadoop2.7/jars/jtransforms-2.4.0.jar
7f2619c0b000-7f2619c0d000 r--s 00009000 08:01 409315                     /opt/spark-2.2.0-bin-hadoop2.7/jars/commons-cli-1.2.jar
7f2619c0d000-7f2619c0f000 r--s 00008000 08:01 409151                     /opt/spark-2.2.0-bin-hadoop2.7/jars/metrics-jvm-3.1.2.jar
7f2619c0f000-7f2619c11000 r--s 00006000 08:01 409148                     /opt/spark-2.2.0-bin-hadoop2.7/jars/spark-sketch_2.11-2.2.0.jar
7f2619c11000-7f2619c13000 r--s 00003000 08:01 409159                     /opt/spark-2.2.0-bin-hadoop2.7/jars/jersey-container-servlet-2.22.2.jar
7f2619c13000-7f2619c17000 r--s 0002a000 08:01 409215                     /opt/spark-2.2.0-bin-hadoop2.7/jars/breeze-macros_2.11-0.13.1.jar
7f2619c17000-7f2619c19000 r--s 00020000 08:01 409255                     /opt/spark-2.2.0-bin-hadoop2.7/jars/hive-beeline-1.2.1.spark2.jar
7f2619c19000-7f2619c1a000 r--s 00004000 08:01 409217                     /opt/spark-2.2.0-bin-hadoop2.7/jars/eigenbase-properties-1.1.5.jar
7f2619c1a000-7f2619c1d000 r--s 0000e000 08:01 409164                     /opt/spark-2.2.0-bin-hadoop2.7/jars/jersey-container-servlet-core-2.22.2.jar
7f2619c1d000-7f2619c1f000 r--s 00007000 08:01 409222                     /opt/spark-2.2.0-bin-hadoop2.7/jars/paranamer-2.6.jar
7f2619c1f000-7f2619c20000 r--s 00001000 08:01 409204                     /opt/spark-2.2.0-bin-hadoop2.7/jars/pmml-schema-1.2.15.jar
7f2619c20000-7f2619c23000 r--s 00015000 08:01 409230                     /opt/spark-2.2.0-bin-hadoop2.7/jars/pyrolite-4.13.jar
7f2619c23000-7f2619c28000 r--s 00027000 08:01 409337                     /opt/spark-2.2.0-bin-hadoop2.7/jars/hk2-api-2.4.0-b34.jar
7f2619c28000-7f2619c2a000 r--s 00003000 08:01 409319                     /opt/spark-2.2.0-bin-hadoop2.7/jars/base64-2.3.8.jar
7f2619c2a000-7f2619c43000 r--s 00164000 08:01 409245                     /opt/spark-2.2.0-bin-hadoop2.7/jars/hadoop-mapreduce-client-core-2.7.3.jar
7f2619c43000-7f2619c47000 r--s 00029000 08:01 409174                     /opt/spark-2.2.0-bin-hadoop2.7/jars/hk2-locator-2.4.0-b34.jar
7f2619c47000-7f2619c58000 r--s 0010d000 08:01 409219                     /opt/spark-2.2.0-bin-hadoop2.7/jars/jackson-databind-2.6.5.jar
7f2619c58000-7f2619cc3000 r--s 0093d000 08:01 409146                     /opt/spark-2.2.0-bin-hadoop2.7/jars/spire_2.11-0.13.0.jar
7f2619cc3000-7f2619d03000 r--s 00277000 08:01 409271                     /opt/spark-2.2.0-bin-hadoop2.7/jars/bcprov-jdk15on-1.51.jar
7f2619d03000-7f2619d14000 r--s 00089000 08:01 409206                     /opt/spark-2.2.0-bin-hadoop2.7/jars/joda-time-2.9.3.jar
7f2619d14000-7f2619d15000 r--s 00002000 08:01 409268                     /opt/spark-2.2.0-bin-hadoop2.7/jars/jpam-1.1.jar
7f2619d15000-7f2619d1e000 r--s 00062000 08:01 409168                     /opt/spark-2.2.0-bin-hadoop2.7/jars/avro-1.7.7.jar
7f2619d1e000-7f2619d20000 r--s 00038000 08:01 409277                     /opt/spark-2.2.0-bin-hadoop2.7/jars/lz4-1.3.0.jar
7f2619d20000-7f2619d27000 r--s 00039000 08:01 409233                     /opt/spark-2.2.0-bin-hadoop2.7/jars/calcite-avatica-1.2.0-incubating.jar
7f2619d27000-7f2619d30000 r--s 00097000 08:01 409311                     /opt/spark-2.2.0-bin-hadoop2.7/jars/pmml-model-1.2.15.jar
7f2619d30000-7f2619d37000 r--s 00049000 08:01 409243                     /opt/spark-2.2.0-bin-hadoop2.7/jars/httpcore-4.4.4.jar
7f2619d37000-7f2619d39000 r--s 00000000 08:01 409310                     /opt/spark-2.2.0-bin-hadoop2.7/jars/jul-to-slf4j-1.7.16.jar
7f2619d39000-7f2619d3f000 r--s 00028000 08:01 409252                     /opt/spark-2.2.0-bin-hadoop2.7/jars/curator-framework-2.6.0.jar
7f2619d3f000-7f2619e4b000 r--s 00dba000 08:01 409335                     /opt/spark-2.2.0-bin-hadoop2.7/jars/scala-compiler-2.11.8.jar
7f2619e4b000-7f2619e4e000 r--s 000fd000 08:01 409187                     /opt/spark-2.2.0-bin-hadoop2.7/jars/leveldbjni-all-1.8.jar
7f2619e4e000-7f2619e54000 r--s 00034000 08:01 409286                     /opt/spark-2.2.0-bin-hadoop2.7/jars/libthrift-0.9.3.jar
7f2619e54000-7f261a054000 rw-p 00000000 00:00 0 
7f261a054000-7f261a1d5000 rw-p 00000000 00:00 0 
7f261a1d5000-7f261a1eb000 r-xp 00000000 08:01 145469                     /usr/lib/jvm/java-8-openjdk-amd64/jre/lib/amd64/libnet.so
7f261a1eb000-7f261a3eb000 ---p 00016000 08:01 145469                     /usr/lib/jvm/java-8-openjdk-amd64/jre/lib/amd64/libnet.so
7f261a3eb000-7f261a3ec000 r--p 00016000 08:01 145469                     /usr/lib/jvm/java-8-openjdk-amd64/jre/lib/amd64/libnet.so
7f261a3ec000-7f261a3ed000 rw-p 00017000 08:01 145469                     /usr/lib/jvm/java-8-openjdk-amd64/jre/lib/amd64/libnet.so
7f261a3ed000-7f261a423000 r--s 0031c000 08:01 409155                     /opt/spark-2.2.0-bin-hadoop2.7/jars/hadoop-common-2.7.3.jar
7f261a423000-7f261a435000 r--s 00097000 08:01 409293                     /opt/spark-2.2.0-bin-hadoop2.7/jars/apacheds-kerberos-codec-2.0.0-M15.jar
7f261a435000-7f261a441000 r--s 000b6000 08:01 409303                     /opt/spark-2.2.0-bin-hadoop2.7/jars/zookeeper-3.4.6.jar
7f261a441000-7f261a442000 r--s 00004000 08:01 409344                     /opt/spark-2.2.0-bin-hadoop2.7/jars/osgi-resource-locator-1.0.1.jar
7f261a442000-7f261a448000 r--s 0002c000 08:01 409300                     /opt/spark-2.2.0-bin-hadoop2.7/jars/jdo-api-3.0.1.jar
7f261a448000-7f261a44a000 r--s 00003000 08:01 409298                     /opt/spark-2.2.0-bin-hadoop2.7/jars/JavaEWAH-0.3.2.jar
7f261a44a000-7f261a44f000 r--s 0004e000 08:01 409169                     /opt/spark-2.2.0-bin-hadoop2.7/jars/datanucleus-api-jdo-3.2.6.jar
7f261a44f000-7f261a453000 r--s 0003c000 08:01 409330                     /opt/spark-2.2.0-bin-hadoop2.7/jars/jackson-core-2.6.5.jar
7f261a453000-7f261a454000 r--s 00003000 08:01 409157                     /opt/spark-2.2.0-bin-hadoop2.7/jars/jta-1.1.jar
7f261a454000-7f261a457000 r--s 00028000 08:01 409149                     /opt/spark-2.2.0-bin-hadoop2.7/jars/stream-2.7.0.jar
7f261a457000-7f261a45a000 r--s 00015000 08:01 409202                     /opt/spark-2.2.0-bin-hadoop2.7/jars/commons-pool-1.5.4.jar
7f261a45a000-7f261a461000 r--s 00051000 08:01 409150                     /opt/spark-2.2.0-bin-hadoop2.7/jars/kryo-shaded-3.0.3.jar
7f261a461000-7f261a487000 r--s 00212000 08:01 409251                     /opt/spark-2.2.0-bin-hadoop2.7/jars/netty-all-4.0.43.Final.jar
7f261a487000-7f261a48e000 r--s 00049000 08:01 409328                     /opt/spark-2.2.0-bin-hadoop2.7/jars/univocity-parsers-2.2.1.jar
7f261a48e000-7f261a49d000 r--s 0009f000 08:01 409241                     /opt/spark-2.2.0-bin-hadoop2.7/jars/guice-3.0.jar
7f261a49d000-7f261a4a7000 r--s 00095000 08:01 409234                     /opt/spark-2.2.0-bin-hadoop2.7/jars/scala-xml_2.11-1.0.2.jar
7f261a4a7000-7f261a4a9000 r--s 00010000 08:01 409205                     /opt/spark-2.2.0-bin-hadoop2.7/jars/hadoop-mapreduce-client-shuffle-2.7.3.jar
7f261a4a9000-7f261a58a000 r--s 00b03000 08:01 409338                     /opt/spark-2.2.0-bin-hadoop2.7/jars/spark-core_2.11-2.2.0.jar
7f261a58a000-7f261a59c000 r--s 00112000 08:01 409307                     /opt/spark-2.2.0-bin-hadoop2.7/jars/arpack_combined_all-0.1.jar
7f261a59c000-7f261a59d000 r--s 00001000 08:01 409313                     /opt/spark-2.2.0-bin-hadoop2.7/jars/javax.inject-2.4.0-b34.jar
7f261a59d000-7f261a5a6000 r--s 0006f000 08:01 409231                     /opt/spark-2.2.0-bin-hadoop2.7/jars/log4j-1.2.17.jar
7f261a5a6000-7f261a5a9000 r--s 00014000 08:01 409265                     /opt/spark-2.2.0-bin-hadoop2.7/jars/super-csv-2.2.0.jar
7f261a5a9000-7f261a5b7000 r--s 0007c000 08:01 409279                     /opt/spark-2.2.0-bin-hadoop2.7/jars/spark-mesos_2.11-2.2.0.jar
7f261a5b7000-7f261a5bb000 r--s 00025000 08:01 409144                     /opt/spark-2.2.0-bin-hadoop2.7/jars/antlr-runtime-3.4.jar
7f261a5bb000-7f261a5bf000 r--s 00031000 08:01 409170                     /opt/spark-2.2.0-bin-hadoop2.7/jars/jline-2.12.1.jar
7f261a5bf000-7f261a5c2000 r--s 0002f000 08:01 409153                     /opt/spark-2.2.0-bin-hadoop2.7/jars/RoaringBitmap-0.5.11.jar
7f261a5c2000-7f261a5c4000 r--s 00005000 08:01 409250                     /opt/spark-2.2.0-bin-hadoop2.7/jars/javax.annotation-api-1.2.jar
7f261a5c4000-7f261a5c9000 r--s 0002a000 08:01 409242                     /opt/spark-2.2.0-bin-hadoop2.7/jars/gson-2.2.4.jar
7f261a5c9000-7f261a5cc000 r--s 00017000 08:01 409287                     /opt/spark-2.2.0-bin-hadoop2.7/jars/jaxb-api-2.2.2.jar
7f261a5cc000-7f261a5cd000 r--s 00009000 08:01 409140                     /opt/spark-2.2.0-bin-hadoop2.7/jars/hadoop-annotations-2.7.3.jar
7f261a5cd000-7f261a5d1000 r--s 00028000 08:01 409162                     /opt/spark-2.2.0-bin-hadoop2.7/jars/jetty-util-6.1.26.jar
7f261a5d1000-7f261a5d2000 r--s 00008000 08:01 409145                     /opt/spark-2.2.0-bin-hadoop2.7/jars/machinist_2.11-0.6.1.jar
7f261a5d2000-7f261a5df000 r--s 000b1000 08:01 409152                     /opt/spark-2.2.0-bin-hadoop2.7/jars/hadoop-mapreduce-client-common-2.7.3.jar
7f261a5df000-7f261a5e2000 r--s 00026000 08:01 409281                     /opt/spark-2.2.0-bin-hadoop2.7/jars/hadoop-yarn-client-2.7.3.jar
7f261a5e2000-7f261a5ec000 r--s 00086000 08:01 409224                     /opt/spark-2.2.0-bin-hadoop2.7/jars/json4s-core_2.11-3.2.11.jar
7f261a5ec000-7f261a5ee000 r--s 00014000 08:01 409208                     /opt/spark-2.2.0-bin-hadoop2.7/jars/spire-macros_2.11-0.13.0.jar
7f261a5ee000-7f261a5f0000 r--s 0000b000 08:01 409316                     /opt/spark-2.2.0-bin-hadoop2.7/jars/chill-java-0.8.0.jar
7f261a5f0000-7f261a669000 r--s 005bb000 08:01 409291                     /opt/spark-2.2.0-bin-hadoop2.7/jars/spark-mllib_2.11-2.2.0.jar
7f261a669000-7f261a674000 r--s 0005d000 08:01 409329                     /opt/spark-2.2.0-bin-hadoop2.7/jars/scala-parser-combinators_2.11-1.0.4.jar
7f261a674000-7f261a678000 r--s 00036000 08:01 409327                     /opt/spark-2.2.0-bin-hadoop2.7/jars/ST4-4.0.4.jar
7f261a678000-7f261a67a000 r--s 0000a000 08:01 409308                     /opt/spark-2.2.0-bin-hadoop2.7/jars/spark-unsafe_2.11-2.2.0.jar
7f261a67a000-7f261a67c000 r--s 0000e000 08:01 409283                     /opt/spark-2.2.0-bin-hadoop2.7/jars/commons-logging-1.1.3.jar
7f261a67c000-7f261a690000 r--s 000ec000 08:01 409261                     /opt/spark-2.2.0-bin-hadoop2.7/jars/parquet-jackson-1.8.2.jar
7f261a690000-7f261a694000 r--s 0000c000 08:01 409199                     /opt/spark-2.2.0-bin-hadoop2.7/jars/validation-api-1.1.0.Final.jar
7f261a694000-7f261a698000 r--s 00014000 08:01 409332                     /opt/spark-2.2.0-bin-hadoop2.7/jars/xz-1.0.jar
7f261a698000-7f261a6a0000 r--s 00066000 08:01 409239                     /opt/spark-2.2.0-bin-hadoop2.7/jars/apache-log4j-extras-1.2.17.jar
7f261a6a0000-7f261a6d7000 r--s 00325000 08:01 409289                     /opt/spark-2.2.0-bin-hadoop2.7/jars/calcite-core-1.2.0-incubating.jar
7f261a6d7000-7f261a6db000 r--s 00030000 08:01 409138                     /opt/spark-2.2.0-bin-hadoop2.7/jars/commons-net-2.2.jar
7f261a6db000-7f261a6e5000 r--s 000aa000 08:01 409266                     /opt/spark-2.2.0-bin-hadoop2.7/jars/janino-3.0.0.jar
7f261a6e5000-7f261a6eb000 r--s 00043000 08:01 409334                     /opt/spark-2.2.0-bin-hadoop2.7/jars/commons-configuration-1.6.jar
7f261a6eb000-7f261a6ec000 r--s 00000000 08:01 409309                     /opt/spark-2.2.0-bin-hadoop2.7/jars/macro-compat_2.11-1.1.1.jar
7f261a6ec000-7f261a6f1000 r--s 0002a000 08:01 409165                     /opt/spark-2.2.0-bin-hadoop2.7/jars/commons-beanutils-1.7.0.jar
7f261a6f1000-7f261a6f3000 r--s 00012000 08:01 409237                     /opt/spark-2.2.0-bin-hadoop2.7/jars/compress-lzf-1.0.3.jar
7f261a6f3000-7f261a6f5000 r--s 00009000 08:01 409263                     /opt/spark-2.2.0-bin-hadoop2.7/jars/jackson-module-paranamer-2.6.5.jar
7f261a6f5000-7f261a70e000 r--s 00113000 08:01 409247                     /opt/spark-2.2.0-bin-hadoop2.7/jars/spark-hive_2.11-2.2.0.jar
7f261a70e000-7f261a7a7000 r--s 0074b000 08:01 409221                     /opt/spark-2.2.0-bin-hadoop2.7/jars/spark-catalyst_2.11-2.2.0.jar
7f261a7a7000-7f261a7ac000 r--s 00028000 08:01 409317                     /opt/spark-2.2.0-bin-hadoop2.7/jars/avro-mapred-1.7.7-hadoop2.jar
7f261a7ac000-7f261a7af000 r--s 0001a000 08:01 409306                     /opt/spark-2.2.0-bin-hadoop2.7/jars/py4j-0.10.4.jar
7f261a7af000-7f261a7b3000 r--s 0002c000 08:01 409254                     /opt/spark-2.2.0-bin-hadoop2.7/jars/avro-ipc-1.7.7.jar
7f261a7b3000-7f261a7b6000 r--s 00006000 08:01 409227                     /opt/spark-2.2.0-bin-hadoop2.7/jars/jsr305-1.3.9.jar
7f261a7b6000-7f261a7cc000 r--s 001a4000 08:01 409194                     /opt/spark-2.2.0-bin-hadoop2.7/jars/datanucleus-rdbms-3.2.9.jar
7f261a7cc000-7f261a7d1000 r--s 00068000 08:01 409280                     /opt/spark-2.2.0-bin-hadoop2.7/jars/antlr-2.7.7.jar
7f261a7d1000-7f261a7db000 r--s 0007b000 08:01 409323                     /opt/spark-2.2.0-bin-hadoop2.7/jars/hadoop-mapreduce-client-app-2.7.3.jar
7f261a7db000-7f261a7f3000 r--s 001b6000 08:01 409158                     /opt/spark-2.2.0-bin-hadoop2.7/jars/datanucleus-core-3.2.10.jar
7f261a7f3000-7f261a80a000 r--s 000d3000 08:01 409312                     /opt/spark-2.2.0-bin-hadoop2.7/jars/parquet-column-1.8.2.jar
7f261a80a000-7f261a80b000 r--s 00008000 08:01 409320                     /opt/spark-2.2.0-bin-hadoop2.7/jars/commons-compiler-3.0.0.jar
7f261a80b000-7f261a80d000 r--s 0000f000 08:01 409156                     /opt/spark-2.2.0-bin-hadoop2.7/jars/activation-1.1.1.jar
7f261a80d000-7f261a80f000 r--s 00003000 08:01 409197                     /opt/spark-2.2.0-bin-hadoop2.7/jars/api-asn1-api-1.0.0-M20.jar
7f261a80f000-7f261a813000 r--s 0002a000 08:01 409253                     /opt/spark-2.2.0-bin-hadoop2.7/jars/commons-io-2.4.jar
7f261a813000-7f261a815000 r--s 0000d000 08:01 409232                     /opt/spark-2.2.0-bin-hadoop2.7/jars/hadoop-yarn-server-web-proxy-2.7.3.jar
7f261a815000-7f261a816000 r--s 00006000 08:01 409262                     /opt/spark-2.2.0-bin-hadoop2.7/jars/hadoop-client-2.7.3.jar
7f261a816000-7f261a818000 r--s 00009000 08:01 409324                     /opt/spark-2.2.0-bin-hadoop2.7/jars/objenesis-2.1.jar
7f261a818000-7f261a846000 r--s 00216000 08:01 409203                     /opt/spark-2.2.0-bin-hadoop2.7/jars/spark-network-common_2.11-2.2.0.jar
7f261a846000-7f261a863000 r--s 001d5000 08:01 409336                     /opt/spark-2.2.0-bin-hadoop2.7/jars/hadoop-yarn-api-2.7.3.jar
7f261a863000-7f261a865000 r--s 0000f000 08:01 409272                     /opt/spark-2.2.0-bin-hadoop2.7/jars/spark-launcher_2.11-2.2.0.jar
7f261a865000-7f261a867000 r--s 00100000 08:01 409318                     /opt/spark-2.2.0-bin-hadoop2.7/jars/snappy-java-1.1.2.6.jar
7f261a867000-7f261a868000 r--s 0000b000 08:01 409214                     /opt/spark-2.2.0-bin-hadoop2.7/jars/snappy-0.2.jar
7f261a868000-7f261a86b000 r--s 00016000 08:01 409176                     /opt/spark-2.2.0-bin-hadoop2.7/jars/jsp-api-2.1.jar
7f261a86b000-7f261a89a000 r--s 002e5000 08:01 409322                     /opt/spark-2.2.0-bin-hadoop2.7/jars/derby-10.12.1.1.jar
7f261a89a000-7f261a89b000 r--s 00003000 08:01 409177                     /opt/spark-2.2.0-bin-hadoop2.7/jars/xmlenc-0.52.jar
7f261a89b000-7f261a89e000 r--s 00019000 08:01 409137                     /opt/spark-2.2.0-bin-hadoop2.7/jars/bonecp-0.8.0.RELEASE.jar
7f261a89e000-7f261a8a0000 r--s 00010000 08:01 409258                     /opt/spark-2.2.0-bin-hadoop2.7/jars/jersey-media-jaxb-2.22.2.jar
7f261a8a0000-7f261a8c3000 rw-p 00000000 00:00 0 
7f261a8c3000-7f261a99b000 r--s 00d92000 08:01 409314                     /opt/spark-2.2.0-bin-hadoop2.7/jars/breeze_2.11-0.13.1.jar
7f261a99b000-7f261a99c000 r--s 00009000 08:01 409184                     /opt/spark-2.2.0-bin-hadoop2.7/jars/json4s-jackson_2.11-3.2.11.jar
7f261a99c000-7f261a9a9000 r--s 000a7000 08:01 409212                     /opt/spark-2.2.0-bin-hadoop2.7/jars/httpclient-4.5.2.jar
7f261a9a9000-7f261aa14000 r--s 00784000 08:01 409141                     /opt/spark-2.2.0-bin-hadoop2.7/jars/hadoop-hdfs-2.7.3.jar
7f261aa14000-7f261aa18000 r--s 00020000 08:01 409226                     /opt/spark-2.2.0-bin-hadoop2.7/jars/commons-digester-1.8.jar
7f261aa18000-7f261aaa2000 r--s 00641000 08:01 409183                     /opt/spark-2.2.0-bin-hadoop2.7/jars/spark-sql_2.11-2.2.0.jar
7f261aaa2000-7f261aaba000 r--s 000d6000 08:01 409160                     /opt/spark-2.2.0-bin-hadoop2.7/jars/jersey-guava-2.22.2.jar
7f261aaba000-7f261aabc000 r--s 0001f000 08:01 409297                     /opt/spark-2.2.0-bin-hadoop2.7/jars/commons-crypto-1.0.0.jar
7f261aabc000-7f261aac0000 r--s 0001a000 08:01 409166                     /opt/spark-2.2.0-bin-hadoop2.7/jars/hk2-utils-2.4.0-b34.jar
7f261aac0000-7f261aac3000 r--s 00025000 08:01 409200                     /opt/spark-2.2.0-bin-hadoop2.7/jars/commons-dbcp-1.4.jar
7f261aac3000-7f261aac5000 r--s 0000e000 08:01 409142                     /opt/spark-2.2.0-bin-hadoop2.7/jars/oro-2.0.8.jar
7f261aac5000-7f261aac8000 r--s 00015000 08:01 409139                     /opt/spark-2.2.0-bin-hadoop2.7/jars/javax.servlet-api-3.1.0.jar
7f261aac8000-7f261aac9000 r--s 0000a000 08:01 409198                     /opt/spark-2.2.0-bin-hadoop2.7/jars/apacheds-i18n-2.0.0-M15.jar
7f261aac9000-7f261aadf000 r--s 00124000 08:01 409305                     /opt/spark-2.2.0-bin-hadoop2.7/jars/ivy-2.4.0.jar
7f261aadf000-7f261aae7000 r--s 0007b000 08:01 409244                     /opt/spark-2.2.0-bin-hadoop2.7/jars/protobuf-java-2.5.0.jar
7f261aae7000-7f261aaed000 r--s 00040000 08:01 409290                     /opt/spark-2.2.0-bin-hadoop2.7/jars/parquet-encoding-1.8.2.jar
7f261aaed000-7f261aaf1000 r--s 0002f000 08:01 409284                     /opt/spark-2.2.0-bin-hadoop2.7/jars/commons-beanutils-core-1.8.0.jar
7f261aaf1000-7f261aaf9000 r--s 00078000 08:01 409294                     /opt/spark-2.2.0-bin-hadoop2.7/jars/mail-1.4.7.jar
7f261aaf9000-7f261ab09000 r--s 0009a000 08:01 409246                     /opt/spark-2.2.0-bin-hadoop2.7/jars/spark-yarn_2.11-2.2.0.jar
7f261ab09000-7f261ab0b000 r--s 00017000 08:01 409190                     /opt/spark-2.2.0-bin-hadoop2.7/jars/hive-jdbc-1.2.1.spark2.jar
7f261ab0b000-7f261ab0d000 r--s 0000e000 08:01 409296                     /opt/spark-2.2.0-bin-hadoop2.7/jars/guice-servlet-3.0.jar
7f261ab0d000-7f261ab10000 r--s 00021000 08:01 409178                     /opt/spark-2.2.0-bin-hadoop2.7/jars/xbean-asm5-shaded-4.4.jar
7f261ab10000-7f261ab29000 r--s 0012c000 08:01 409340                     /opt/spark-2.2.0-bin-hadoop2.7/jars/netty-3.9.9.Final.jar
7f261ab29000-7f261ab2c000 r--s 00012000 08:01 409185                     /opt/spark-2.2.0-bin-hadoop2.7/jars/json4s-ast_2.11-3.2.11.jar
7f261ab2c000-7f261ab30000 r--s 00025000 08:01 409326                     /opt/spark-2.2.0-bin-hadoop2.7/jars/jersey-client-2.22.2.jar
7f261ab30000-7f261ab37000 r--s 00036000 08:01 409209                     /opt/spark-2.2.0-bin-hadoop2.7/jars/curator-recipes-2.6.0.jar
7f261ab37000-7f261ab39000 r--s 00004000 08:01 409173                     /opt/spark-2.2.0-bin-hadoop2.7/jars/stax-api-1.0-2.jar
7f261ab39000-7f261ab3c000 r--s 00022000 08:01 409295                     /opt/spark-2.2.0-bin-hadoop2.7/jars/stringtemplate-3.2.1.jar
7f261ab3c000-7f261ab42000 r--s 00045000 08:01 409188                     /opt/spark-2.2.0-bin-hadoop2.7/jars/commons-httpclient-3.1.jar
7f261ab42000-7f261ab4f000 r--s 00071000 08:01 409304                     /opt/spark-2.2.0-bin-hadoop2.7/jars/jackson-module-scala_2.11-2.6.5.jar
7f261ab4f000-7f261ab56000 r--s 0007d000 08:01 409229                     /opt/spark-2.2.0-bin-hadoop2.7/jars/jetty-6.1.26.jar
7f261ab56000-7f261ab57000 r--s 00009000 08:01 409302                     /opt/spark-2.2.0-bin-hadoop2.7/jars/hive-cli-1.2.1.spark2.jar
7f261ab57000-7f261ab64000 r--s 000a0000 08:01 409196                     /opt/spark-2.2.0-bin-hadoop2.7/jars/spark-graphx_2.11-2.2.0.jar
7f261ab64000-7f261ab6c000 r--s 00058000 08:01 409167                     /opt/spark-2.2.0-bin-hadoop2.7/jars/parquet-format-2.3.1.jar
7f261ab6c000-7f261ab76000 r--s 000a5000 08:01 409270                     /opt/spark-2.2.0-bin-hadoop2.7/jars/javassist-3.18.1-GA.jar
7f261ab76000-7f261ab8d000 r--s 00183000 08:01 409259                     /opt/spark-2.2.0-bin-hadoop2.7/jars/hadoop-yarn-common-2.7.3.jar
7f261ab8d000-7f261abbd000 r--s 001e5000 08:01 409341                     /opt/spark-2.2.0-bin-hadoop2.7/jars/spark-streaming_2.11-2.2.0.jar
7f261abbd000-7f261abc3000 r--s 00044000 08:01 409267                     /opt/spark-2.2.0-bin-hadoop2.7/jars/antlr4-runtime-4.5.3.jar
7f261abc3000-7f261abf7000 r--s 00277000 08:01 409175                     /opt/spark-2.2.0-bin-hadoop2.7/jars/parquet-hadoop-bundle-1.6.0.jar
7f261abf7000-7f261abfe000 r--s 0005d000 08:01 409282                     /opt/spark-2.2.0-bin-hadoop2.7/jars/mx4j-3.0.2.jar
7f261abfe000-7f261ac00000 r--s 00005000 08:01 409249                     /opt/spark-2.2.0-bin-hadoop2.7/jars/stax-api-1.0.1.jar
7f261ac00000-7f261ac59000 r--s 00522000 08:01 409343                     /opt/spark-2.2.0-bin-hadoop2.7/jars/scala-library-2.11.8.jar
7f261ac59000-7f261ac5d000 r--s 00035000 08:01 409179                     /opt/spark-2.2.0-bin-hadoop2.7/jars/jackson-core-asl-1.9.13.jar
7f261ac5d000-7f261ac63000 r--s 00063000 08:01 409325                     /opt/spark-2.2.0-bin-hadoop2.7/jars/jodd-core-3.5.2.jar
7f261ac63000-7f261aca9000 r--s 00317000 08:01 409180                     /opt/spark-2.2.0-bin-hadoop2.7/jars/shapeless_2.11-2.3.2.jar
7f261aca9000-7f261acb6000 r--s 00083000 08:01 409181                     /opt/spark-2.2.0-bin-hadoop2.7/jars/commons-collections-3.2.2.jar
7f261acb6000-7f261acc4000 r--s 0009d000 08:01 409195                     /opt/spark-2.2.0-bin-hadoop2.7/jars/jersey-common-2.22.2.jar
7f261acc4000-7f261acd6000 r--s 000b3000 08:01 409301                     /opt/spark-2.2.0-bin-hadoop2.7/jars/scalap-2.11.8.jar
7f261acd6000-7f261acdc000 r--s 00038000 08:01 409147                     /opt/spark-2.2.0-bin-hadoop2.7/jars/parquet-hadoop-1.8.2.jar
7f261acdc000-7f261ace4000 r--s 00059000 08:01 409193                     /opt/spark-2.2.0-bin-hadoop2.7/jars/javolution-5.5.1.jar
7f261ace4000-7f261ace5000 ---p 00000000 00:00 0 
7f261ace5000-7f261ade5000 rw-p 00000000 00:00 0 
7f261ade5000-7f261ade8000 ---p 00000000 00:00 0 
7f261ade8000-7f261aee6000 rw-p 00000000 00:00 0 
7f261aee6000-7f261aee9000 ---p 00000000 00:00 0 
7f261aee9000-7f261afe7000 rw-p 00000000 00:00 0 
7f261afe7000-7f261afea000 ---p 00000000 00:00 0 
7f261afea000-7f261b0e8000 rw-p 00000000 00:00 0 
7f261b0e8000-7f261b0eb000 ---p 00000000 00:00 0 
7f261b0eb000-7f261b1e9000 rw-p 00000000 00:00 0 
7f261b1e9000-7f261b5f6000 r--p 00000000 08:01 135320                     /usr/lib/locale/locale-archive
7f261b5f6000-7f261b5f9000 ---p 00000000 00:00 0 
7f261b5f9000-7f261b6f7000 rw-p 00000000 00:00 0 
7f261b6f7000-7f261b6fa000 ---p 00000000 00:00 0 
7f261b6fa000-7f261b7f8000 rw-p 00000000 00:00 0 
7f261b7f8000-7f261b7f9000 ---p 00000000 00:00 0 
7f261b7f9000-7f261c000000 rw-p 00000000 00:00 0 
7f261c000000-7f261c0b8000 rw-p 00000000 00:00 0 
7f261c0b8000-7f2620000000 ---p 00000000 00:00 0 
7f2620000000-7f2620001000 r--s 00009000 08:01 409321                     /opt/spark-2.2.0-bin-hadoop2.7/jars/slf4j-api-1.7.16.jar
7f2620001000-7f2620004000 r--s 00009000 08:01 409257                     /opt/spark-2.2.0-bin-hadoop2.7/jars/jackson-annotations-2.6.5.jar
7f2620004000-7f2620006000 r--s 00002000 08:01 409189                     /opt/spark-2.2.0-bin-hadoop2.7/jars/aopalliance-repackaged-2.4.0-b34.jar
7f2620006000-7f262002f000 r--s 001ee000 08:01 409339                     /opt/spark-2.2.0-bin-hadoop2.7/jars/guava-14.0.1.jar
7f262002f000-7f2620034000 r--s 00041000 08:01 409248                     /opt/spark-2.2.0-bin-hadoop2.7/jars/commons-lang-2.6.jar
7f2620034000-7f262003c000 r--s 0006e000 08:01 409269                     /opt/spark-2.2.0-bin-hadoop2.7/jars/commons-lang3-3.5.jar
7f262003c000-7f2620057000 r--s 001d8000 08:01 409161                     /opt/spark-2.2.0-bin-hadoop2.7/jars/jets3t-0.9.3.jar
7f2620057000-7f2620100000 r--s 00a4f000 08:01 409288                     /opt/spark-2.2.0-bin-hadoop2.7/jars/hive-exec-1.2.1.spark2.jar
7f2620100000-7f2621000000 rw-p 00000000 00:00 0 
7f2621000000-7f2622620000 rwxp 00000000 00:00 0 
7f2622620000-7f2630000000 ---p 00000000 00:00 0 
7f2630000000-7f26326f4000 rw-p 00000000 00:00 0 
7f26326f4000-7f2634000000 ---p 00000000 00:00 0 
7f2634000000-7f2634002000 r--s 00003000 08:01 409240                     /opt/spark-2.2.0-bin-hadoop2.7/jars/jcl-over-slf4j-1.7.16.jar
7f2634002000-7f2634004000 r--s 00015000 08:01 409154                     /opt/spark-2.2.0-bin-hadoop2.7/jars/hadoop-auth-2.7.3.jar
7f2634004000-7f2634005000 r--s 00004000 08:01 409223                     /opt/spark-2.2.0-bin-hadoop2.7/jars/opencsv-2.3.jar
7f2634005000-7f2634006000 r--s 00004000 08:01 409216                     /opt/spark-2.2.0-bin-hadoop2.7/jars/jackson-jaxrs-1.9.13.jar
7f2634006000-7f263400d000 r--s 00046000 08:01 409285                     /opt/spark-2.2.0-bin-hadoop2.7/jars/libfb303-0.9.3.jar
7f263400d000-7f263400e000 r--s 00002000 08:01 409201                     /opt/spark-2.2.0-bin-hadoop2.7/jars/slf4j-log4j12-1.7.16.jar
7f263400e000-7f2634011000 r--s 0000d000 08:01 409235                     /opt/spark-2.2.0-bin-hadoop2.7/jars/spark-network-shuffle_2.11-2.2.0.jar
7f2634011000-7f2634012000 r--s 00001000 08:01 409192                     /opt/spark-2.2.0-bin-hadoop2.7/jars/minlog-1.3.0.jar
7f2634012000-7f2634013000 r--s 00003000 08:01 409299                     /opt/spark-2.2.0-bin-hadoop2.7/jars/metrics-json-3.1.2.jar
7f2634013000-7f263401e000 r--s 00062000 08:01 409236                     /opt/spark-2.2.0-bin-hadoop2.7/jars/calcite-linq4j-1.2.0-incubating.jar
7f263401e000-7f2634020000 r--s 00000000 08:01 409264                     /opt/spark-2.2.0-bin-hadoop2.7/jars/aopalliance-1.0.jar
7f2634020000-7f2634025000 r--s 00036000 08:01 409163                     /opt/spark-2.2.0-bin-hadoop2.7/jars/commons-compress-1.4.1.jar
7f2634025000-7f2634027000 r--s 00004000 08:01 409275                     /opt/spark-2.2.0-bin-hadoop2.7/jars/metrics-graphite-3.1.2.jar
7f2634027000-7f2634029000 r--s 0000e000 08:01 409228                     /opt/spark-2.2.0-bin-hadoop2.7/jars/spark-repl_2.11-2.2.0.jar
7f2634029000-7f263403f000 r--s 000d3000 08:01 409210                     /opt/spark-2.2.0-bin-hadoop2.7/jars/jersey-server-2.22.2.jar
7f263403f000-7f2634040000 r--s 00000000 08:01 409182                     /opt/spark-2.2.0-bin-hadoop2.7/jars/javax.inject-1.jar
7f2634040000-7f2634042000 r--s 00009000 08:01 409136                     /opt/spark-2.2.0-bin-hadoop2.7/jars/parquet-common-1.8.2.jar
7f2634042000-7f2634044000 r--s 0000e000 08:01 409274                     /opt/spark-2.2.0-bin-hadoop2.7/jars/hadoop-mapreduce-client-jobclient-2.7.3.jar
7f2634044000-7f263405f000 r--s 001d6000 08:01 145511                     /usr/lib/jvm/java-8-openjdk-amd64/jre/lib/ext/nashorn.jar
7f263405f000-7f263407a000 r--s 00394000 08:01 145506                     /usr/lib/jvm/java-8-openjdk-amd64/jre/lib/ext/cldrdata.jar
7f263407a000-7f263432d000 rw-p 00000000 00:00 0 
7f263432d000-7f26344fb000 r--s 03c2c000 08:01 145535                     /usr/lib/jvm/java-8-openjdk-amd64/jre/lib/rt.jar
7f26344fb000-7f2634571000 rw-p 00000000 00:00 0 
7f2634571000-7f2634572000 ---p 00000000 00:00 0 
7f2634572000-7f2634672000 rw-p 00000000 00:00 0 
7f2634672000-7f2634673000 ---p 00000000 00:00 0 
7f2634673000-7f2634be4000 rw-p 00000000 00:00 0 
7f2634be4000-7f2634c1e000 ---p 00000000 00:00 0 
7f2634c1e000-7f263508f000 rw-p 00000000 00:00 0 
7f263508f000-7f26350c8000 ---p 00000000 00:00 0 
7f26350c8000-7f263531e000 rw-p 00000000 00:00 0 
7f263531e000-7f2635378000 rw-p 00000000 00:00 0 
7f2635378000-7f26356df000 ---p 00000000 00:00 0 
7f26356df000-7f26356e7000 r-xp 00000000 08:01 145492                     /usr/lib/jvm/java-8-openjdk-amd64/jre/lib/amd64/libzip.so
7f26356e7000-7f26358e6000 ---p 00008000 08:01 145492                     /usr/lib/jvm/java-8-openjdk-amd64/jre/lib/amd64/libzip.so
7f26358e6000-7f26358e7000 r--p 00007000 08:01 145492                     /usr/lib/jvm/java-8-openjdk-amd64/jre/lib/amd64/libzip.so
7f26358e7000-7f26358e8000 rw-p 00008000 08:01 145492                     /usr/lib/jvm/java-8-openjdk-amd64/jre/lib/amd64/libzip.so
7f26358e8000-7f26358f3000 r-xp 00000000 08:01 921380                     /lib/x86_64-linux-gnu/libnss_files-2.26.so
7f26358f3000-7f2635af2000 ---p 0000b000 08:01 921380                     /lib/x86_64-linux-gnu/libnss_files-2.26.so
7f2635af2000-7f2635af3000 r--p 0000a000 08:01 921380                     /lib/x86_64-linux-gnu/libnss_files-2.26.so
7f2635af3000-7f2635af4000 rw-p 0000b000 08:01 921380                     /lib/x86_64-linux-gnu/libnss_files-2.26.so
7f2635af4000-7f2635afa000 rw-p 00000000 00:00 0 
7f2635afa000-7f2635b05000 r-xp 00000000 08:01 921390                     /lib/x86_64-linux-gnu/libnss_nis-2.26.so
7f2635b05000-7f2635d04000 ---p 0000b000 08:01 921390                     /lib/x86_64-linux-gnu/libnss_nis-2.26.so
7f2635d04000-7f2635d05000 r--p 0000a000 08:01 921390                     /lib/x86_64-linux-gnu/libnss_nis-2.26.so
7f2635d05000-7f2635d06000 rw-p 0000b000 08:01 921390                     /lib/x86_64-linux-gnu/libnss_nis-2.26.so
7f2635d06000-7f2635d1d000 r-xp 00000000 08:01 921374                     /lib/x86_64-linux-gnu/libnsl-2.26.so
7f2635d1d000-7f2635f1c000 ---p 00017000 08:01 921374                     /lib/x86_64-linux-gnu/libnsl-2.26.so
7f2635f1c000-7f2635f1d000 r--p 00016000 08:01 921374                     /lib/x86_64-linux-gnu/libnsl-2.26.so
7f2635f1d000-7f2635f1e000 rw-p 00017000 08:01 921374                     /lib/x86_64-linux-gnu/libnsl-2.26.so
7f2635f1e000-7f2635f20000 rw-p 00000000 00:00 0 
7f2635f20000-7f2635f28000 r-xp 00000000 08:01 921376                     /lib/x86_64-linux-gnu/libnss_compat-2.26.so
7f2635f28000-7f2636127000 ---p 00008000 08:01 921376                     /lib/x86_64-linux-gnu/libnss_compat-2.26.so
7f2636127000-7f2636128000 r--p 00007000 08:01 921376                     /lib/x86_64-linux-gnu/libnss_compat-2.26.so
7f2636128000-7f2636129000 rw-p 00008000 08:01 921376                     /lib/x86_64-linux-gnu/libnss_compat-2.26.so
7f2636129000-7f2636157000 r-xp 00000000 08:01 139096                     /usr/lib/jvm/java-8-openjdk-amd64/jre/lib/amd64/libjava.so
7f2636157000-7f2636356000 ---p 0002e000 08:01 139096                     /usr/lib/jvm/java-8-openjdk-amd64/jre/lib/amd64/libjava.so
7f2636356000-7f2636357000 r--p 0002d000 08:01 139096                     /usr/lib/jvm/java-8-openjdk-amd64/jre/lib/amd64/libjava.so
7f2636357000-7f2636359000 rw-p 0002e000 08:01 139096                     /usr/lib/jvm/java-8-openjdk-amd64/jre/lib/amd64/libjava.so
7f2636359000-7f2636369000 r-xp 00000000 08:01 145491                     /usr/lib/jvm/java-8-openjdk-amd64/jre/lib/amd64/libverify.so
7f2636369000-7f2636568000 ---p 00010000 08:01 145491                     /usr/lib/jvm/java-8-openjdk-amd64/jre/lib/amd64/libverify.so
7f2636568000-7f263656a000 r--p 0000f000 08:01 145491                     /usr/lib/jvm/java-8-openjdk-amd64/jre/lib/amd64/libverify.so
7f263656a000-7f263656b000 rw-p 00011000 08:01 145491                     /usr/lib/jvm/java-8-openjdk-amd64/jre/lib/amd64/libverify.so
7f263656b000-7f2636572000 r-xp 00000000 08:01 921431                     /lib/x86_64-linux-gnu/librt-2.26.so
7f2636572000-7f2636771000 ---p 00007000 08:01 921431                     /lib/x86_64-linux-gnu/librt-2.26.so
7f2636771000-7f2636772000 r--p 00006000 08:01 921431                     /lib/x86_64-linux-gnu/librt-2.26.so
7f2636772000-7f2636773000 rw-p 00007000 08:01 921431                     /lib/x86_64-linux-gnu/librt-2.26.so
7f2636773000-7f2636789000 r-xp 00000000 08:01 921329                     /lib/x86_64-linux-gnu/libgcc_s.so.1
7f2636789000-7f2636988000 ---p 00016000 08:01 921329                     /lib/x86_64-linux-gnu/libgcc_s.so.1
7f2636988000-7f2636989000 r--p 00015000 08:01 921329                     /lib/x86_64-linux-gnu/libgcc_s.so.1
7f2636989000-7f263698a000 rw-p 00016000 08:01 921329                     /lib/x86_64-linux-gnu/libgcc_s.so.1
7f263698a000-7f2636adf000 r-xp 00000000 08:01 921353                     /lib/x86_64-linux-gnu/libm-2.26.so
7f2636adf000-7f2636cde000 ---p 00155000 08:01 921353                     /lib/x86_64-linux-gnu/libm-2.26.so
7f2636cde000-7f2636cdf000 r--p 00154000 08:01 921353                     /lib/x86_64-linux-gnu/libm-2.26.so
7f2636cdf000-7f2636ce0000 rw-p 00155000 08:01 921353                     /lib/x86_64-linux-gnu/libm-2.26.so
7f2636ce0000-7f2636e58000 r-xp 00000000 08:01 139044                     /usr/lib/x86_64-linux-gnu/libstdc++.so.6.0.24
7f2636e58000-7f2637057000 ---p 00178000 08:01 139044                     /usr/lib/x86_64-linux-gnu/libstdc++.so.6.0.24
7f2637057000-7f2637061000 r--p 00177000 08:01 139044                     /usr/lib/x86_64-linux-gnu/libstdc++.so.6.0.24
7f2637061000-7f2637063000 rw-p 00181000 08:01 139044                     /usr/lib/x86_64-linux-gnu/libstdc++.so.6.0.24
7f2637063000-7f2637066000 rw-p 00000000 00:00 0 
7f2637066000-7f2637cf6000 r-xp 00000000 08:01 145495                     /usr/lib/jvm/java-8-openjdk-amd64/jre/lib/amd64/server/libjvm.so
7f2637cf6000-7f2637ef6000 ---p 00c90000 08:01 145495                     /usr/lib/jvm/java-8-openjdk-amd64/jre/lib/amd64/server/libjvm.so
7f2637ef6000-7f2637f89000 r--p 00c90000 08:01 145495                     /usr/lib/jvm/java-8-openjdk-amd64/jre/lib/amd64/server/libjvm.so
7f2637f89000-7f2637fb1000 rw-p 00d23000 08:01 145495                     /usr/lib/jvm/java-8-openjdk-amd64/jre/lib/amd64/server/libjvm.so
7f2637fb1000-7f2637fe2000 rw-p 00000000 00:00 0 
7f2637fe2000-7f2637ffc000 r-xp 00000000 08:01 921425                     /lib/x86_64-linux-gnu/libpthread-2.26.so
7f2637ffc000-7f26381fb000 ---p 0001a000 08:01 921425                     /lib/x86_64-linux-gnu/libpthread-2.26.so
7f26381fb000-7f26381fc000 r--p 00019000 08:01 921425                     /lib/x86_64-linux-gnu/libpthread-2.26.so
7f26381fc000-7f26381fd000 rw-p 0001a000 08:01 921425                     /lib/x86_64-linux-gnu/libpthread-2.26.so
7f26381fd000-7f2638201000 rw-p 00000000 00:00 0 
7f2638201000-7f2638204000 r-xp 00000000 08:01 921315                     /lib/x86_64-linux-gnu/libdl-2.26.so
7f2638204000-7f2638403000 ---p 00003000 08:01 921315                     /lib/x86_64-linux-gnu/libdl-2.26.so
7f2638403000-7f2638404000 r--p 00002000 08:01 921315                     /lib/x86_64-linux-gnu/libdl-2.26.so
7f2638404000-7f2638405000 rw-p 00003000 08:01 921315                     /lib/x86_64-linux-gnu/libdl-2.26.so
7f2638405000-7f2638421000 r-xp 00000000 08:01 921465                     /lib/x86_64-linux-gnu/libz.so.1.2.11
7f2638421000-7f2638620000 ---p 0001c000 08:01 921465                     /lib/x86_64-linux-gnu/libz.so.1.2.11
7f2638620000-7f2638621000 r--p 0001b000 08:01 921465                     /lib/x86_64-linux-gnu/libz.so.1.2.11
7f2638621000-7f2638622000 rw-p 0001c000 08:01 921465                     /lib/x86_64-linux-gnu/libz.so.1.2.11
7f2638622000-7f26387f8000 r-xp 00000000 08:01 921297                     /lib/x86_64-linux-gnu/libc-2.26.so
7f26387f8000-7f26389f8000 ---p 001d6000 08:01 921297                     /lib/x86_64-linux-gnu/libc-2.26.so
7f26389f8000-7f26389fc000 r--p 001d6000 08:01 921297                     /lib/x86_64-linux-gnu/libc-2.26.so
7f26389fc000-7f26389fe000 rw-p 001da000 08:01 921297                     /lib/x86_64-linux-gnu/libc-2.26.so
7f26389fe000-7f2638a02000 rw-p 00000000 00:00 0 
7f2638a02000-7f2638a10000 r-xp 00000000 08:01 137946                     /usr/lib/jvm/java-8-openjdk-amd64/jre/lib/amd64/jli/libjli.so
7f2638a10000-7f2638c0f000 ---p 0000e000 08:01 137946                     /usr/lib/jvm/java-8-openjdk-amd64/jre/lib/amd64/jli/libjli.so
7f2638c0f000-7f2638c10000 r--p 0000d000 08:01 137946                     /usr/lib/jvm/java-8-openjdk-amd64/jre/lib/amd64/jli/libjli.so
7f2638c10000-7f2638c11000 rw-p 0000e000 08:01 137946                     /usr/lib/jvm/java-8-openjdk-amd64/jre/lib/amd64/jli/libjli.so
7f2638c11000-7f2638c38000 r-xp 00000000 08:01 921271                     /lib/x86_64-linux-gnu/ld-2.26.so
7f2638c38000-7f2638c3f000 r--s 00058000 08:01 409191                     /opt/spark-2.2.0-bin-hadoop2.7/jars/hadoop-yarn-server-common-2.7.3.jar
7f2638c3f000-7f2638c44000 r--s 0003b000 08:01 145513                     /usr/lib/jvm/java-8-openjdk-amd64/jre/lib/ext/sunjce_provider.jar
7f2638c44000-7f2638c47000 r--s 0000f000 08:01 145508                     /usr/lib/jvm/java-8-openjdk-amd64/jre/lib/ext/icedtea-sound.jar
7f2638c47000-7f2638c48000 r--s 00010000 08:01 145515                     /usr/lib/jvm/java-8-openjdk-amd64/jre/lib/ext/zipfs.jar
7f2638c48000-7f2638c49000 r--s 0000a000 08:01 145509                     /usr/lib/jvm/java-8-openjdk-amd64/jre/lib/ext/jaccess.jar
7f2638c49000-7f2638c53000 r--s 00116000 08:01 145510                     /usr/lib/jvm/java-8-openjdk-amd64/jre/lib/ext/localedata.jar
7f2638c53000-7f2638d1c000 rw-p 00000000 00:00 0 
7f2638d1c000-7f2638d1f000 ---p 00000000 00:00 0 
7f2638d1f000-7f2638e22000 rw-p 00000000 00:00 0 
7f2638e22000-7f2638e24000 r--s 00001000 08:01 145507                     /usr/lib/jvm/java-8-openjdk-amd64/jre/lib/ext/dnsns.jar
7f2638e24000-7f2638e26000 r--s 00008000 08:01 145512                     /usr/lib/jvm/java-8-openjdk-amd64/jre/lib/ext/sunec.jar
7f2638e26000-7f2638e29000 r--s 00038000 08:01 145514                     /usr/lib/jvm/java-8-openjdk-amd64/jre/lib/ext/sunpkcs11.jar
7f2638e29000-7f2638e2b000 r--s 00007000 08:01 263793                     /usr/share/java/java-atk-wrapper.jar
7f2638e2b000-7f2638e33000 rw-s 00000000 08:01 928280                     /tmp/hsperfdata_root/11203
7f2638e33000-7f2638e34000 rw-p 00000000 00:00 0 
7f2638e34000-7f2638e35000 ---p 00000000 00:00 0 
7f2638e35000-7f2638e38000 rw-p 00000000 00:00 0 
7f2638e38000-7f2638e39000 r--p 00027000 08:01 921271                     /lib/x86_64-linux-gnu/ld-2.26.so
7f2638e39000-7f2638e3a000 rw-p 00028000 08:01 921271                     /lib/x86_64-linux-gnu/ld-2.26.so
7f2638e3a000-7f2638e3b000 rw-p 00000000 00:00 0 
7ffe0dcee000-7ffe0dd0f000 rw-p 00000000 00:00 0                          [stack]
7ffe0dd8e000-7ffe0dd91000 r--p 00000000 00:00 0                          [vvar]
7ffe0dd91000-7ffe0dd93000 r-xp 00000000 00:00 0                          [vdso]
ffffffffff600000-ffffffffff601000 r-xp 00000000 00:00 0                  [vsyscall]

VM Arguments:
jvm_args: -Xmx3584m 
java_command: org.apache.spark.deploy.SparkSubmit --master local[*] --conf spark.driver.memory=3584m --class com.example.geomesa.spark.CountByDay9 --jars /opt/geomesa-accumulo_2.11-2.0.0/dist/spark/geomesa-accumulo-spark-runtime_2.11-2.0.0.jar /home/ala/geomesa-tutorials/geomesa-examples-spark/target/geomesa-examples-spark-2.1.0-SNAPSHOT.jar
java_class_path (initial): /opt/spark-2.2.0-bin-hadoop2.7//conf/:/opt/spark-2.2.0-bin-hadoop2.7/jars/hadoop-yarn-server-common-2.7.3.jar:/opt/spark-2.2.0-bin-hadoop2.7/jars/hadoop-mapreduce-client-jobclient-2.7.3.jar:/opt/spark-2.2.0-bin-hadoop2.7/jars/parquet-common-1.8.2.jar:/opt/spark-2.2.0-bin-hadoop2.7/jars/javax.inject-1.jar:/opt/spark-2.2.0-bin-hadoop2.7/jars/jersey-server-2.22.2.jar:/opt/spark-2.2.0-bin-hadoop2.7/jars/spark-repl_2.11-2.2.0.jar:/opt/spark-2.2.0-bin-hadoop2.7/jars/metrics-graphite-3.1.2.jar:/opt/spark-2.2.0-bin-hadoop2.7/jars/commons-compress-1.4.1.jar:/opt/spark-2.2.0-bin-hadoop2.7/jars/aopalliance-1.0.jar:/opt/spark-2.2.0-bin-hadoop2.7/jars/calcite-linq4j-1.2.0-incubating.jar:/opt/spark-2.2.0-bin-hadoop2.7/jars/hive-exec-1.2.1.spark2.jar:/opt/spark-2.2.0-bin-hadoop2.7/jars/metrics-json-3.1.2.jar:/opt/spark-2.2.0-bin-hadoop2.7/jars/minlog-1.3.0.jar:/opt/spark-2.2.0-bin-hadoop2.7/jars/spark-network-shuffle_2.11-2.2.0.jar:/opt/spark-2.2.0-bin-hadoop2.7/jars/slf4j-log4j12-1.7.16.jar:/opt/spark-2.2.0-bin-hadoop2.7/jars/jets3t-0.9.3.jar:/opt/spark-2.2.0-bin-hadoop2.7/jars/libfb303-0.9.3.jar:/opt/spark-2.2.0-bin-hadoop2.7/jars/jackson-jaxrs-1.9.13.jar:/opt/spark-2.2.0-bin-hadoop2.7/jars/opencsv-2.3.jar:/opt/spark-2.2.0-bin-hadoop2.7/jars/commons-lang3-3.5.jar:/opt/spark-2.2.0-bin-hadoop2.7/jars/hadoop-auth-2.7.3.jar:/opt/spark-2.2.0-bin-hadoop2.7/jars/commons-lang-2.6.jar:/opt/spark-2.2.0-bin-hadoop2.7/jars/guava-14.0.1.jar:/opt/spark-2.2.0-bin-hadoop2.7/jars/jcl-over-slf4j-1.7.16.jar:/opt/spark-2.2.0-bin-hadoop2.7/jars/aopalliance-repackaged-2.4.0-b34.jar:/opt/spark-2.2.0-bin-hadoop2.7/jars/jackson-annotations-2.6.5.jar:/opt/spark-2.2.0-bin-hadoop2.7/jars/javolution-5.5.1.jar:/opt/spark-2.2.0-bin-hadoop2.7/jars/parquet-hadoop-1.8.2.jar:/opt/spark-2.2.0-bin-hadoop2.7/jars/scalap-2.11.8.jar:/opt/spark-2.2.0-bin-hadoop2.7/jars/jersey-common-2.22.2.jar:/opt/spark-2.2.0-bin-hadoop2.7/jars/commons-collections-3.2.2.jar:/opt/spark-2.2.0-bin-hadoop2.7/j
Launcher Type: SUN_STANDARD

Environment Variables:
JAVA_HOME=/usr/lib/jvm/java-8-openjdk-amd64/
PATH=/usr/local/sbin:/usr/local/bin:/usr/sbin:/usr/bin:/sbin:/bin:/usr/games:/usr/local/games:/snap/bin
SHELL=/bin/bash

Signal Handlers:
SIGSEGV: [libjvm.so+0xaaafa0], sa_mask[0]=11111111011111111101111111111110, sa_flags=SA_RESTART|SA_SIGINFO
SIGBUS: [libjvm.so+0xaaafa0], sa_mask[0]=11111111011111111101111111111110, sa_flags=SA_RESTART|SA_SIGINFO
SIGFPE: [libjvm.so+0x8e12c0], sa_mask[0]=11111111011111111101111111111110, sa_flags=SA_RESTART|SA_SIGINFO
SIGPIPE: [libjvm.so+0x8e12c0], sa_mask[0]=11111111011111111101111111111110, sa_flags=SA_RESTART|SA_SIGINFO
SIGXFSZ: [libjvm.so+0x8e12c0], sa_mask[0]=11111111011111111101111111111110, sa_flags=SA_RESTART|SA_SIGINFO
SIGILL: [libjvm.so+0x8e12c0], sa_mask[0]=11111111011111111101111111111110, sa_flags=SA_RESTART|SA_SIGINFO
SIGUSR1: SIG_DFL, sa_mask[0]=00000000000000000000000000000000, sa_flags=none
SIGUSR2: [libjvm.so+0x8e1170], sa_mask[0]=00000000000000000000000000000000, sa_flags=SA_RESTART|SA_SIGINFO
SIGHUP: [libjvm.so+0x8e1620], sa_mask[0]=11111111011111111101111111111110, sa_flags=SA_RESTART|SA_SIGINFO
SIGINT: [libjvm.so+0x8e1620], sa_mask[0]=11111111011111111101111111111110, sa_flags=SA_RESTART|SA_SIGINFO
SIGTERM: [libjvm.so+0x8e1620], sa_mask[0]=11111111011111111101111111111110, sa_flags=SA_RESTART|SA_SIGINFO
SIGQUIT: [libjvm.so+0x8e1620], sa_mask[0]=11111111011111111101111111111110, sa_flags=SA_RESTART|SA_SIGINFO


---------------  S Y S T E M  ---------------

OS:DISTRIB_ID=Ubuntu
DISTRIB_RELEASE=17.10
DISTRIB_CODENAME=artful
DISTRIB_DESCRIPTION="Ubuntu 17.10"

uname:Linux 4.13.0-21-generic #24-Ubuntu SMP Mon Dec 18 17:29:16 UTC 2017 x86_64
libc:glibc 2.26 NPTL 2.26 
rlimit: STACK 8192k, CORE 0k, NPROC 22281, NOFILE 32768, AS infinity
load average:7,17 3,47 2,61

/proc/meminfo:
MemTotal:        5757076 kB
MemFree:           92616 kB
MemAvailable:          0 kB
Buffers:             152 kB
Cached:            39860 kB
SwapCached:        22540 kB
Active:          3979504 kB
Inactive:        1545820 kB
Active(anon):    3975972 kB
Inactive(anon):  1537288 kB
Active(file):       3532 kB
Inactive(file):     8532 kB
Unevictable:          32 kB
Mlocked:              32 kB
SwapTotal:       1084196 kB
SwapFree:              0 kB
Dirty:               100 kB
Writeback:           172 kB
AnonPages:       5462892 kB
Mapped:            34792 kB
Shmem:             27868 kB
Slab:              53432 kB
SReclaimable:      21216 kB
SUnreclaim:        32216 kB
KernelStack:       13712 kB
PageTables:        37520 kB
NFS_Unstable:          0 kB
Bounce:                0 kB
WritebackTmp:          0 kB
CommitLimit:     3962732 kB
Committed_AS:   10896264 kB
VmallocTotal:   34359738367 kB
VmallocUsed:           0 kB
VmallocChunk:          0 kB
HardwareCorrupted:     0 kB
AnonHugePages:         0 kB
ShmemHugePages:        0 kB
ShmemPmdMapped:        0 kB
CmaTotal:              0 kB
CmaFree:               0 kB
HugePages_Total:       0
HugePages_Free:        0
HugePages_Rsvd:        0
HugePages_Surp:        0
Hugepagesize:       2048 kB
DirectMap4k:      124864 kB
DirectMap2M:     5812224 kB


CPU:total 2 (initial active 2) (2 cores per cpu, 1 threads per core) family 6 model 42 stepping 7, cmov, cx8, fxsr, mmx, sse, sse2, sse3, ssse3, sse4.1, sse4.2, popcnt, avx, aes, clmul, tsc, tscinvbit

/proc/cpuinfo:
processor	: 0
vendor_id	: GenuineIntel
cpu family	: 6
model		: 42
model name	: Intel(R) Core(TM) i7-2620M CPU @ 2.70GHz
stepping	: 7
cpu MHz		: 2693.880
cache size	: 4096 KB
physical id	: 0
siblings	: 2
core id		: 0
cpu cores	: 2
apicid		: 0
initial apicid	: 0
fpu		: yes
fpu_exception	: yes
cpuid level	: 13
wp		: yes
flags		: fpu vme de pse tsc msr pae mce cx8 apic sep mtrr pge mca cmov pat pse36 clflush mmx fxsr sse sse2 ht syscall nx rdtscp lm constant_tsc rep_good nopl xtopology nonstop_tsc cpuid pni pclmulqdq ssse3 cx16 sse4_1 sse4_2 x2apic popcnt aes xsave avx hypervisor lahf_lm
bugs		:
bogomips	: 5387.76
clflush size	: 64
cache_alignment	: 64
address sizes	: 36 bits physical, 48 bits virtual
power management:

processor	: 1
vendor_id	: GenuineIntel
cpu family	: 6
model		: 42
model name	: Intel(R) Core(TM) i7-2620M CPU @ 2.70GHz
stepping	: 7
cpu MHz		: 2693.880
cache size	: 4096 KB
physical id	: 0
siblings	: 2
core id		: 1
cpu cores	: 2
apicid		: 1
initial apicid	: 1
fpu		: yes
fpu_exception	: yes
cpuid level	: 13
wp		: yes
flags		: fpu vme de pse tsc msr pae mce cx8 apic sep mtrr pge mca cmov pat pse36 clflush mmx fxsr sse sse2 ht syscall nx rdtscp lm constant_tsc rep_good nopl xtopology nonstop_tsc cpuid pni pclmulqdq ssse3 cx16 sse4_1 sse4_2 x2apic popcnt aes xsave avx hypervisor lahf_lm
bugs		:
bogomips	: 5387.76
clflush size	: 64
cache_alignment	: 64
address sizes	: 36 bits physical, 48 bits virtual
power management:



Memory: 4k page, physical 5757076k(92616k free), swap 1084196k(0k free)

vm_info: OpenJDK 64-Bit Server VM (25.162-b12) for linux-amd64 JRE (1.8.0_162-8u162-b12-0ubuntu0.17.10.2-b12), built on Mar 13 2018 22:44:51 by "buildd" with gcc 7.2.0

time: Thu Aug  9 12:45:57 2018
elapsed time: 1184 seconds (0d 0h 19m 44s)

